#
# There is insufficient memory for the Java Runtime Environment to continue.
# Native memory allocation (malloc) failed to allocate 1204816 bytes. Error detail: Chunk::new
# Possible reasons:
#   The system is out of physical RAM or swap space
#   This process is running with CompressedOops enabled, and the Java Heap may be blocking the growth of the native heap
# Possible solutions:
#   Reduce memory load on the system
#   Increase physical memory or swap space
#   Check if swap backing store is full
#   Decrease Java heap size (-Xmx/-Xms)
#   Decrease number of Java threads
#   Decrease Java thread stack sizes (-Xss)
#   Set larger code cache with -XX:ReservedCodeCacheSize=
#   JVM is running with Zero Based Compressed Oops mode in which the Java heap is
#     placed in the first 32GB address space. The Java Heap base address is the
#     maximum limit for the native heap growth. Please use -XX:HeapBaseMinAddress
#     to set the Java Heap base and to place the Java Heap above 32GB virtual address.
# This output file may be truncated or incomplete.
#
#  Out of Memory Error (arena.cpp:150), pid=24968, tid=21060
#
# JRE version: Java(TM) SE Runtime Environment (22.0.1+8) (build 22.0.1+8-16)
# Java VM: Java HotSpot(TM) 64-Bit Server VM (22.0.1+8-16, mixed mode, sharing, tiered, compressed oops, compressed class ptrs, g1 gc, windows-amd64)
# No core dump will be written. Minidumps are not enabled by default on client versions of Windows
#

---------------  S U M M A R Y ------------

Command Line: -javaagent:C:\Program Files\JetBrains\IntelliJ IDEA Community Edition 2025.2\lib\idea_rt.jar=51609 -Dfile.encoding=UTF-8 -Dsun.stdout.encoding=UTF-8 -Dsun.stderr.encoding=UTF-8 Anshika_Task.Anshika_Task_Bajaj.AnshikaTaskBajajApplication

Host: 11th Gen Intel(R) Core(TM) i5-11260H @ 2.60GHz, 12 cores, 15G,  Windows 11 , 64 bit Build 22621 (10.0.22621.5415)
Time: Mon Dec  1 17:45:08 2025 India Standard Time elapsed time: 0.896903 seconds (0d 0h 0m 0s)

---------------  T H R E A D  ---------------

Current thread (0x000001ae575324f0):  JavaThread "C2 CompilerThread0" daemon [_thread_in_native, id=21060, stack(0x00000056bba00000,0x00000056bbb00000) (1024K)]


Current CompileTask:
C2:896 1952       4       java.lang.invoke.MethodType::makeImpl (109 bytes)

Stack: [0x00000056bba00000,0x00000056bbb00000]
Native frames: (J=compiled Java code, j=interpreted, Vv=VM code, C=native code)
V  [jvm.dll+0x6e2279]  (no source info available)
V  [jvm.dll+0x874e33]  (no source info available)
V  [jvm.dll+0x87725e]  (no source info available)
V  [jvm.dll+0x877933]  (no source info available)
V  [jvm.dll+0x27fd76]  (no source info available)
V  [jvm.dll+0xc3d0f]  (no source info available)
V  [jvm.dll+0xc3f6b]  (no source info available)
V  [jvm.dll+0x3bb0d2]  (no source info available)
V  [jvm.dll+0x1df67c]  (no source info available)
V  [jvm.dll+0x247a5c]  (no source info available)
V  [jvm.dll+0x246fbf]  (no source info available)
V  [jvm.dll+0x1c4e90]  (no source info available)
V  [jvm.dll+0x2569fe]  (no source info available)
V  [jvm.dll+0x254cba]  (no source info available)
V  [jvm.dll+0x3f5336]  (no source info available)
V  [jvm.dll+0x81d44b]  (no source info available)
V  [jvm.dll+0x6e0915]  (no source info available)
C  [ucrtbase.dll+0x29333]  (no source info available)
C  [KERNEL32.DLL+0x1259d]  (no source info available)
C  [ntdll.dll+0x5af78]  (no source info available)


---------------  P R O C E S S  ---------------

Threads class SMR info:
_java_thread_list=0x000001ae9daf4c80, length=17, elements={
0x000001ae35fd97e0, 0x000001ae57517fe0, 0x000001ae57518910, 0x000001ae5751fee0,
0x000001ae57520550, 0x000001ae57521360, 0x000001ae57528530, 0x000001ae575324f0,
0x000001ae575363b0, 0x000001ae574e87d0, 0x000001ae577fe880, 0x000001ae579f0b00,
0x000001ae578aaf90, 0x000001ae9d4ecc70, 0x000001ae9d4ed2e0, 0x000001ae9dd0b3c0,
0x000001ae9dc4a0d0
}

Java Threads: ( => current thread )
  0x000001ae35fd97e0 JavaThread "main"                              [_thread_blocked, id=4136, stack(0x00000056bac00000,0x00000056bad00000) (1024K)]
  0x000001ae57517fe0 JavaThread "Reference Handler"          daemon [_thread_blocked, id=27104, stack(0x00000056bb400000,0x00000056bb500000) (1024K)]
  0x000001ae57518910 JavaThread "Finalizer"                  daemon [_thread_blocked, id=29708, stack(0x00000056bb500000,0x00000056bb600000) (1024K)]
  0x000001ae5751fee0 JavaThread "Signal Dispatcher"          daemon [_thread_blocked, id=18884, stack(0x00000056bb600000,0x00000056bb700000) (1024K)]
  0x000001ae57520550 JavaThread "Attach Listener"            daemon [_thread_blocked, id=21740, stack(0x00000056bb700000,0x00000056bb800000) (1024K)]
  0x000001ae57521360 JavaThread "Service Thread"             daemon [_thread_blocked, id=23792, stack(0x00000056bb800000,0x00000056bb900000) (1024K)]
  0x000001ae57528530 JavaThread "Monitor Deflation Thread"   daemon [_thread_blocked, id=16852, stack(0x00000056bb900000,0x00000056bba00000) (1024K)]
=>0x000001ae575324f0 JavaThread "C2 CompilerThread0"         daemon [_thread_in_native, id=21060, stack(0x00000056bba00000,0x00000056bbb00000) (1024K)]
  0x000001ae575363b0 JavaThread "C1 CompilerThread0"         daemon [_thread_blocked, id=7152, stack(0x00000056bbb00000,0x00000056bbc00000) (1024K)]
  0x000001ae574e87d0 JavaThread "Common-Cleaner"             daemon [_thread_blocked, id=30396, stack(0x00000056bbc00000,0x00000056bbd00000) (1024K)]
  0x000001ae577fe880 JavaThread "C2 CompilerThread1"         daemon [_thread_in_native, id=20404, stack(0x00000056bbd00000,0x00000056bbe00000) (1024K)]
  0x000001ae579f0b00 JavaThread "Monitor Ctrl-Break"         daemon [_thread_in_native, id=18560, stack(0x00000056bbe00000,0x00000056bbf00000) (1024K)]
  0x000001ae578aaf90 JavaThread "Notification Thread"        daemon [_thread_blocked, id=9580, stack(0x00000056bbf00000,0x00000056bc000000) (1024K)]
  0x000001ae9d4ecc70 JavaThread "Thread-0"                          [_thread_blocked, id=25136, stack(0x00000056bc000000,0x00000056bc100000) (1024K)]
  0x000001ae9d4ed2e0 JavaThread "restartedMain"                     [_thread_blocked, id=29736, stack(0x00000056bc100000,0x00000056bc200000) (1024K)]
  0x000001ae9dd0b3c0 JavaThread "C2 CompilerThread2"         daemon [_thread_in_native, id=1556, stack(0x00000056bc800000,0x00000056bc900000) (1024K)]
  0x000001ae9dc4a0d0 JavaThread "background-preinit"                [_thread_in_vm, id=30724, stack(0x00000056bc900000,0x00000056bca00000) (1024K)]
Total: 17

Other Threads:
  0x000001ae57500fb0 VMThread "VM Thread"                           [id=31000, stack(0x00000056bb300000,0x00000056bb400000) (1024K)]
  0x000001ae574e6b80 WatcherThread "VM Periodic Task Thread"        [id=9096, stack(0x00000056bb200000,0x00000056bb300000) (1024K)]
  0x000001ae381df600 WorkerThread "GC Thread#0"                     [id=15456, stack(0x00000056bad00000,0x00000056bae00000) (1024K)]
  0x000001ae9d737980 WorkerThread "GC Thread#1"                     [id=27920, stack(0x00000056bc200000,0x00000056bc300000) (1024K)]
  0x000001ae9d737d30 WorkerThread "GC Thread#2"                     [id=22136, stack(0x00000056bc300000,0x00000056bc400000) (1024K)]
  0x000001ae9d7380e0 WorkerThread "GC Thread#3"                     [id=31464, stack(0x00000056bc400000,0x00000056bc500000) (1024K)]
  0x000001ae9d3fa3f0 WorkerThread "GC Thread#4"                     [id=32324, stack(0x00000056bc500000,0x00000056bc600000) (1024K)]
  0x000001ae9d3fa7a0 WorkerThread "GC Thread#5"                     [id=13756, stack(0x00000056bc600000,0x00000056bc700000) (1024K)]
  0x000001ae9d9a2be0 WorkerThread "GC Thread#6"                     [id=27724, stack(0x00000056bc700000,0x00000056bc800000) (1024K)]
  0x000001ae9ddb1dd0 WorkerThread "GC Thread#7"                     [id=20256, stack(0x00000056bca00000,0x00000056bcb00000) (1024K)]
  0x000001ae9ddb1670 WorkerThread "GC Thread#8"                     [id=11956, stack(0x00000056bcb00000,0x00000056bcc00000) (1024K)]
  0x000001ae9ddb2180 WorkerThread "GC Thread#9"                     [id=22936, stack(0x00000056bcc00000,0x00000056bcd00000) (1024K)]
  0x000001ae381f0240 ConcurrentGCThread "G1 Main Marker"            [id=21904, stack(0x00000056bae00000,0x00000056baf00000) (1024K)]
  0x000001ae381f0b60 WorkerThread "G1 Conc#0"                       [id=18468, stack(0x00000056baf00000,0x00000056bb000000) (1024K)]
  0x000001ae573b4200 ConcurrentGCThread "G1 Refine#0"               [id=32112, stack(0x00000056bb000000,0x00000056bb100000) (1024K)]
  0x000001ae573b6650 ConcurrentGCThread "G1 Service"                [id=26048, stack(0x00000056bb100000,0x00000056bb200000) (1024K)]
Total: 16

Threads with active compile tasks:
C2 CompilerThread0  950 1952       4       java.lang.invoke.MethodType::makeImpl (109 bytes)
C2 CompilerThread1  950 2062       4       java.lang.invoke.MethodType::methodType (69 bytes)
C2 CompilerThread2  950 2244   !   4       java.net.URL::<init> (543 bytes)
Total: 3

VM state: not at safepoint (normal execution)

VM Mutex/Monitor currently owned by a thread: None

OutOfMemory and StackOverflow Exception counts:
OutOfMemoryError java_heap_errors=1
LinkageErrors=68

Heap address: 0x0000000704400000, size: 4028 MB, Compressed Oops mode: Zero based, Oop shift amount: 3

CDS archive(s) mapped at: [0x000001ae58000000-0x000001ae58c60000-0x000001ae58c60000), size 12976128, SharedBaseAddress: 0x000001ae58000000, ArchiveRelocationMode: 1.
Compressed class space mapped at: 0x000001ae59000000-0x000001ae99000000, reserved size: 1073741824
Narrow klass base: 0x000001ae58000000, Narrow klass shift: 0, Narrow klass range: 0x41000000

GC Precious Log:
 CardTable entry size: 512
 Card Set container configuration: InlinePtr #cards 4 size 8 Array Of Cards #cards 16 size 48 Howl #buckets 8 coarsen threshold 3686 Howl Bitmap #cards 512 size 80 coarsen threshold 460 Card regions per heap region 1 cards per card region 4096
 CPUs: 12 total, 12 available
 Memory: 16110M
 Large Page Support: Disabled
 NUMA Support: Disabled
 Compressed Oops: Enabled (Zero based)
 Heap Region Size: 2M
 Heap Min Capacity: 8M
 Heap Initial Capacity: 252M
 Heap Max Capacity: 4028M
 Pre-touch: Disabled
 Parallel Workers: 10
 Concurrent Workers: 3
 Concurrent Refinement Workers: 10
 Periodic GC: Disabled

Heap:
 garbage-first heap   total reserved 4124672K, committed 258048K, used 13774K [0x0000000704400000, 0x0000000800000000)
  region size 2048K, 6 young (12288K), 2 survivors (4096K)
 Metaspace       used 18932K, committed 19328K, reserved 1114112K
  class space    used 2411K, committed 2624K, reserved 1048576K

Heap Regions: E=young(eden), S=young(survivor), O=old, HS=humongous(starts), HC=humongous(continues), CS=collection set, F=free, TAMS=top-at-mark-start, PB=parsable bottom
|   0|0x0000000704400000, 0x0000000704600000, 0x0000000704600000|100%| O|  |TAMS 0x0000000704400000| PB 0x0000000704400000| Untracked |  0
|   1|0x0000000704600000, 0x0000000704800000, 0x0000000704800000|100%| O|  |TAMS 0x0000000704600000| PB 0x0000000704600000| Untracked |  0
|   2|0x0000000704800000, 0x0000000704847b80, 0x0000000704a00000| 14%| O|  |TAMS 0x0000000704800000| PB 0x0000000704800000| Untracked |  0
|   3|0x0000000704a00000, 0x0000000704a00000, 0x0000000704c00000|  0%| F|  |TAMS 0x0000000704a00000| PB 0x0000000704a00000| Untracked |  0
|   4|0x0000000704c00000, 0x0000000704c00000, 0x0000000704e00000|  0%| F|  |TAMS 0x0000000704c00000| PB 0x0000000704c00000| Untracked |  0
|   5|0x0000000704e00000, 0x0000000704e00000, 0x0000000705000000|  0%| F|  |TAMS 0x0000000704e00000| PB 0x0000000704e00000| Untracked |  0
|   6|0x0000000705000000, 0x0000000705000000, 0x0000000705200000|  0%| F|  |TAMS 0x0000000705000000| PB 0x0000000705000000| Untracked |  0
|   7|0x0000000705200000, 0x0000000705200000, 0x0000000705400000|  0%| F|  |TAMS 0x0000000705200000| PB 0x0000000705200000| Untracked |  0
|   8|0x0000000705400000, 0x0000000705400000, 0x0000000705600000|  0%| F|  |TAMS 0x0000000705400000| PB 0x0000000705400000| Untracked |  0
|   9|0x0000000705600000, 0x0000000705600000, 0x0000000705800000|  0%| F|  |TAMS 0x0000000705600000| PB 0x0000000705600000| Untracked |  0
|  10|0x0000000705800000, 0x0000000705800000, 0x0000000705a00000|  0%| F|  |TAMS 0x0000000705800000| PB 0x0000000705800000| Untracked |  0
|  11|0x0000000705a00000, 0x0000000705a00000, 0x0000000705c00000|  0%| F|  |TAMS 0x0000000705a00000| PB 0x0000000705a00000| Untracked |  0
|  12|0x0000000705c00000, 0x0000000705c00000, 0x0000000705e00000|  0%| F|  |TAMS 0x0000000705c00000| PB 0x0000000705c00000| Untracked |  0
|  13|0x0000000705e00000, 0x0000000705e00000, 0x0000000706000000|  0%| F|  |TAMS 0x0000000705e00000| PB 0x0000000705e00000| Untracked |  0
|  14|0x0000000706000000, 0x0000000706000000, 0x0000000706200000|  0%| F|  |TAMS 0x0000000706000000| PB 0x0000000706000000| Untracked |  0
|  15|0x0000000706200000, 0x0000000706200000, 0x0000000706400000|  0%| F|  |TAMS 0x0000000706200000| PB 0x0000000706200000| Untracked |  0
|  16|0x0000000706400000, 0x0000000706400000, 0x0000000706600000|  0%| F|  |TAMS 0x0000000706400000| PB 0x0000000706400000| Untracked |  0
|  17|0x0000000706600000, 0x0000000706600000, 0x0000000706800000|  0%| F|  |TAMS 0x0000000706600000| PB 0x0000000706600000| Untracked |  0
|  18|0x0000000706800000, 0x0000000706800000, 0x0000000706a00000|  0%| F|  |TAMS 0x0000000706800000| PB 0x0000000706800000| Untracked |  0
|  19|0x0000000706a00000, 0x0000000706a00000, 0x0000000706c00000|  0%| F|  |TAMS 0x0000000706a00000| PB 0x0000000706a00000| Untracked |  0
|  20|0x0000000706c00000, 0x0000000706c00000, 0x0000000706e00000|  0%| F|  |TAMS 0x0000000706c00000| PB 0x0000000706c00000| Untracked |  0
|  21|0x0000000706e00000, 0x0000000706e00000, 0x0000000707000000|  0%| F|  |TAMS 0x0000000706e00000| PB 0x0000000706e00000| Untracked |  0
|  22|0x0000000707000000, 0x0000000707000000, 0x0000000707200000|  0%| F|  |TAMS 0x0000000707000000| PB 0x0000000707000000| Untracked |  0
|  23|0x0000000707200000, 0x0000000707200000, 0x0000000707400000|  0%| F|  |TAMS 0x0000000707200000| PB 0x0000000707200000| Untracked |  0
|  24|0x0000000707400000, 0x0000000707400000, 0x0000000707600000|  0%| F|  |TAMS 0x0000000707400000| PB 0x0000000707400000| Untracked |  0
|  25|0x0000000707600000, 0x0000000707600000, 0x0000000707800000|  0%| F|  |TAMS 0x0000000707600000| PB 0x0000000707600000| Untracked |  0
|  26|0x0000000707800000, 0x0000000707800000, 0x0000000707a00000|  0%| F|  |TAMS 0x0000000707800000| PB 0x0000000707800000| Untracked |  0
|  27|0x0000000707a00000, 0x0000000707a00000, 0x0000000707c00000|  0%| F|  |TAMS 0x0000000707a00000| PB 0x0000000707a00000| Untracked |  0
|  28|0x0000000707c00000, 0x0000000707c00000, 0x0000000707e00000|  0%| F|  |TAMS 0x0000000707c00000| PB 0x0000000707c00000| Untracked |  0
|  29|0x0000000707e00000, 0x0000000707e00000, 0x0000000708000000|  0%| F|  |TAMS 0x0000000707e00000| PB 0x0000000707e00000| Untracked |  0
|  30|0x0000000708000000, 0x0000000708000000, 0x0000000708200000|  0%| F|  |TAMS 0x0000000708000000| PB 0x0000000708000000| Untracked |  0
|  31|0x0000000708200000, 0x0000000708200000, 0x0000000708400000|  0%| F|  |TAMS 0x0000000708200000| PB 0x0000000708200000| Untracked |  0
|  32|0x0000000708400000, 0x0000000708400000, 0x0000000708600000|  0%| F|  |TAMS 0x0000000708400000| PB 0x0000000708400000| Untracked |  0
|  33|0x0000000708600000, 0x0000000708600000, 0x0000000708800000|  0%| F|  |TAMS 0x0000000708600000| PB 0x0000000708600000| Untracked |  0
|  34|0x0000000708800000, 0x0000000708800000, 0x0000000708a00000|  0%| F|  |TAMS 0x0000000708800000| PB 0x0000000708800000| Untracked |  0
|  35|0x0000000708a00000, 0x0000000708a00000, 0x0000000708c00000|  0%| F|  |TAMS 0x0000000708a00000| PB 0x0000000708a00000| Untracked |  0
|  36|0x0000000708c00000, 0x0000000708c00000, 0x0000000708e00000|  0%| F|  |TAMS 0x0000000708c00000| PB 0x0000000708c00000| Untracked |  0
|  37|0x0000000708e00000, 0x0000000708e00000, 0x0000000709000000|  0%| F|  |TAMS 0x0000000708e00000| PB 0x0000000708e00000| Untracked |  0
|  38|0x0000000709000000, 0x0000000709000000, 0x0000000709200000|  0%| F|  |TAMS 0x0000000709000000| PB 0x0000000709000000| Untracked |  0
|  39|0x0000000709200000, 0x0000000709200000, 0x0000000709400000|  0%| F|  |TAMS 0x0000000709200000| PB 0x0000000709200000| Untracked |  0
|  40|0x0000000709400000, 0x0000000709400000, 0x0000000709600000|  0%| F|  |TAMS 0x0000000709400000| PB 0x0000000709400000| Untracked |  0
|  41|0x0000000709600000, 0x0000000709600000, 0x0000000709800000|  0%| F|  |TAMS 0x0000000709600000| PB 0x0000000709600000| Untracked |  0
|  42|0x0000000709800000, 0x0000000709800000, 0x0000000709a00000|  0%| F|  |TAMS 0x0000000709800000| PB 0x0000000709800000| Untracked |  0
|  43|0x0000000709a00000, 0x0000000709a00000, 0x0000000709c00000|  0%| F|  |TAMS 0x0000000709a00000| PB 0x0000000709a00000| Untracked |  0
|  44|0x0000000709c00000, 0x0000000709c00000, 0x0000000709e00000|  0%| F|  |TAMS 0x0000000709c00000| PB 0x0000000709c00000| Untracked |  0
|  45|0x0000000709e00000, 0x0000000709e00000, 0x000000070a000000|  0%| F|  |TAMS 0x0000000709e00000| PB 0x0000000709e00000| Untracked |  0
|  46|0x000000070a000000, 0x000000070a000000, 0x000000070a200000|  0%| F|  |TAMS 0x000000070a000000| PB 0x000000070a000000| Untracked |  0
|  47|0x000000070a200000, 0x000000070a200000, 0x000000070a400000|  0%| F|  |TAMS 0x000000070a200000| PB 0x000000070a200000| Untracked |  0
|  48|0x000000070a400000, 0x000000070a400000, 0x000000070a600000|  0%| F|  |TAMS 0x000000070a400000| PB 0x000000070a400000| Untracked |  0
|  49|0x000000070a600000, 0x000000070a600000, 0x000000070a800000|  0%| F|  |TAMS 0x000000070a600000| PB 0x000000070a600000| Untracked |  0
|  50|0x000000070a800000, 0x000000070a800000, 0x000000070aa00000|  0%| F|  |TAMS 0x000000070a800000| PB 0x000000070a800000| Untracked |  0
|  51|0x000000070aa00000, 0x000000070aa00000, 0x000000070ac00000|  0%| F|  |TAMS 0x000000070aa00000| PB 0x000000070aa00000| Untracked |  0
|  52|0x000000070ac00000, 0x000000070ac00000, 0x000000070ae00000|  0%| F|  |TAMS 0x000000070ac00000| PB 0x000000070ac00000| Untracked |  0
|  53|0x000000070ae00000, 0x000000070ae00000, 0x000000070b000000|  0%| F|  |TAMS 0x000000070ae00000| PB 0x000000070ae00000| Untracked |  0
|  54|0x000000070b000000, 0x000000070b000000, 0x000000070b200000|  0%| F|  |TAMS 0x000000070b000000| PB 0x000000070b000000| Untracked |  0
|  55|0x000000070b200000, 0x000000070b200000, 0x000000070b400000|  0%| F|  |TAMS 0x000000070b200000| PB 0x000000070b200000| Untracked |  0
|  56|0x000000070b400000, 0x000000070b400000, 0x000000070b600000|  0%| F|  |TAMS 0x000000070b400000| PB 0x000000070b400000| Untracked |  0
|  57|0x000000070b600000, 0x000000070b600000, 0x000000070b800000|  0%| F|  |TAMS 0x000000070b600000| PB 0x000000070b600000| Untracked |  0
|  58|0x000000070b800000, 0x000000070b800000, 0x000000070ba00000|  0%| F|  |TAMS 0x000000070b800000| PB 0x000000070b800000| Untracked |  0
|  59|0x000000070ba00000, 0x000000070ba00000, 0x000000070bc00000|  0%| F|  |TAMS 0x000000070ba00000| PB 0x000000070ba00000| Untracked |  0
|  60|0x000000070bc00000, 0x000000070bc00000, 0x000000070be00000|  0%| F|  |TAMS 0x000000070bc00000| PB 0x000000070bc00000| Untracked |  0
|  61|0x000000070be00000, 0x000000070be00000, 0x000000070c000000|  0%| F|  |TAMS 0x000000070be00000| PB 0x000000070be00000| Untracked |  0
|  62|0x000000070c000000, 0x000000070c000000, 0x000000070c200000|  0%| F|  |TAMS 0x000000070c000000| PB 0x000000070c000000| Untracked |  0
|  63|0x000000070c200000, 0x000000070c200000, 0x000000070c400000|  0%| F|  |TAMS 0x000000070c200000| PB 0x000000070c200000| Untracked |  0
|  64|0x000000070c400000, 0x000000070c400000, 0x000000070c600000|  0%| F|  |TAMS 0x000000070c400000| PB 0x000000070c400000| Untracked |  0
|  65|0x000000070c600000, 0x000000070c600000, 0x000000070c800000|  0%| F|  |TAMS 0x000000070c600000| PB 0x000000070c600000| Untracked |  0
|  66|0x000000070c800000, 0x000000070c800000, 0x000000070ca00000|  0%| F|  |TAMS 0x000000070c800000| PB 0x000000070c800000| Untracked |  0
|  67|0x000000070ca00000, 0x000000070ca00000, 0x000000070cc00000|  0%| F|  |TAMS 0x000000070ca00000| PB 0x000000070ca00000| Untracked |  0
|  68|0x000000070cc00000, 0x000000070cc00000, 0x000000070ce00000|  0%| F|  |TAMS 0x000000070cc00000| PB 0x000000070cc00000| Untracked |  0
|  69|0x000000070ce00000, 0x000000070ce00000, 0x000000070d000000|  0%| F|  |TAMS 0x000000070ce00000| PB 0x000000070ce00000| Untracked |  0
|  70|0x000000070d000000, 0x000000070d000000, 0x000000070d200000|  0%| F|  |TAMS 0x000000070d000000| PB 0x000000070d000000| Untracked |  0
|  71|0x000000070d200000, 0x000000070d200000, 0x000000070d400000|  0%| F|  |TAMS 0x000000070d200000| PB 0x000000070d200000| Untracked |  0
|  72|0x000000070d400000, 0x000000070d400000, 0x000000070d600000|  0%| F|  |TAMS 0x000000070d400000| PB 0x000000070d400000| Untracked |  0
|  73|0x000000070d600000, 0x000000070d600000, 0x000000070d800000|  0%| F|  |TAMS 0x000000070d600000| PB 0x000000070d600000| Untracked |  0
|  74|0x000000070d800000, 0x000000070d800000, 0x000000070da00000|  0%| F|  |TAMS 0x000000070d800000| PB 0x000000070d800000| Untracked |  0
|  75|0x000000070da00000, 0x000000070da00000, 0x000000070dc00000|  0%| F|  |TAMS 0x000000070da00000| PB 0x000000070da00000| Untracked |  0
|  76|0x000000070dc00000, 0x000000070dc00000, 0x000000070de00000|  0%| F|  |TAMS 0x000000070dc00000| PB 0x000000070dc00000| Untracked |  0
|  77|0x000000070de00000, 0x000000070de00000, 0x000000070e000000|  0%| F|  |TAMS 0x000000070de00000| PB 0x000000070de00000| Untracked |  0
|  78|0x000000070e000000, 0x000000070e000000, 0x000000070e200000|  0%| F|  |TAMS 0x000000070e000000| PB 0x000000070e000000| Untracked |  0
|  79|0x000000070e200000, 0x000000070e200000, 0x000000070e400000|  0%| F|  |TAMS 0x000000070e200000| PB 0x000000070e200000| Untracked |  0
|  80|0x000000070e400000, 0x000000070e400000, 0x000000070e600000|  0%| F|  |TAMS 0x000000070e400000| PB 0x000000070e400000| Untracked |  0
|  81|0x000000070e600000, 0x000000070e600000, 0x000000070e800000|  0%| F|  |TAMS 0x000000070e600000| PB 0x000000070e600000| Untracked |  0
|  82|0x000000070e800000, 0x000000070e800000, 0x000000070ea00000|  0%| F|  |TAMS 0x000000070e800000| PB 0x000000070e800000| Untracked |  0
|  83|0x000000070ea00000, 0x000000070ea00000, 0x000000070ec00000|  0%| F|  |TAMS 0x000000070ea00000| PB 0x000000070ea00000| Untracked |  0
|  84|0x000000070ec00000, 0x000000070ec00000, 0x000000070ee00000|  0%| F|  |TAMS 0x000000070ec00000| PB 0x000000070ec00000| Untracked |  0
|  85|0x000000070ee00000, 0x000000070ee00000, 0x000000070f000000|  0%| F|  |TAMS 0x000000070ee00000| PB 0x000000070ee00000| Untracked |  0
|  86|0x000000070f000000, 0x000000070f000000, 0x000000070f200000|  0%| F|  |TAMS 0x000000070f000000| PB 0x000000070f000000| Untracked |  0
|  87|0x000000070f200000, 0x000000070f200000, 0x000000070f400000|  0%| F|  |TAMS 0x000000070f200000| PB 0x000000070f200000| Untracked |  0
|  88|0x000000070f400000, 0x000000070f400000, 0x000000070f600000|  0%| F|  |TAMS 0x000000070f400000| PB 0x000000070f400000| Untracked |  0
|  89|0x000000070f600000, 0x000000070f600000, 0x000000070f800000|  0%| F|  |TAMS 0x000000070f600000| PB 0x000000070f600000| Untracked |  0
|  90|0x000000070f800000, 0x000000070f800000, 0x000000070fa00000|  0%| F|  |TAMS 0x000000070f800000| PB 0x000000070f800000| Untracked |  0
|  91|0x000000070fa00000, 0x000000070fa00000, 0x000000070fc00000|  0%| F|  |TAMS 0x000000070fa00000| PB 0x000000070fa00000| Untracked |  0
|  92|0x000000070fc00000, 0x000000070fc00000, 0x000000070fe00000|  0%| F|  |TAMS 0x000000070fc00000| PB 0x000000070fc00000| Untracked |  0
|  93|0x000000070fe00000, 0x000000070fe00000, 0x0000000710000000|  0%| F|  |TAMS 0x000000070fe00000| PB 0x000000070fe00000| Untracked |  0
|  94|0x0000000710000000, 0x0000000710000000, 0x0000000710200000|  0%| F|  |TAMS 0x0000000710000000| PB 0x0000000710000000| Untracked |  0
|  95|0x0000000710200000, 0x0000000710200000, 0x0000000710400000|  0%| F|  |TAMS 0x0000000710200000| PB 0x0000000710200000| Untracked |  0
|  96|0x0000000710400000, 0x0000000710400000, 0x0000000710600000|  0%| F|  |TAMS 0x0000000710400000| PB 0x0000000710400000| Untracked |  0
|  97|0x0000000710600000, 0x0000000710600000, 0x0000000710800000|  0%| F|  |TAMS 0x0000000710600000| PB 0x0000000710600000| Untracked |  0
|  98|0x0000000710800000, 0x0000000710800000, 0x0000000710a00000|  0%| F|  |TAMS 0x0000000710800000| PB 0x0000000710800000| Untracked |  0
|  99|0x0000000710a00000, 0x0000000710a00000, 0x0000000710c00000|  0%| F|  |TAMS 0x0000000710a00000| PB 0x0000000710a00000| Untracked |  0
| 100|0x0000000710c00000, 0x0000000710c00000, 0x0000000710e00000|  0%| F|  |TAMS 0x0000000710c00000| PB 0x0000000710c00000| Untracked |  0
| 101|0x0000000710e00000, 0x0000000710e00000, 0x0000000711000000|  0%| F|  |TAMS 0x0000000710e00000| PB 0x0000000710e00000| Untracked |  0
| 102|0x0000000711000000, 0x0000000711000000, 0x0000000711200000|  0%| F|  |TAMS 0x0000000711000000| PB 0x0000000711000000| Untracked |  0
| 103|0x0000000711200000, 0x0000000711200000, 0x0000000711400000|  0%| F|  |TAMS 0x0000000711200000| PB 0x0000000711200000| Untracked |  0
| 104|0x0000000711400000, 0x000000071152bca8, 0x0000000711600000| 58%| S|CS|TAMS 0x0000000711400000| PB 0x0000000711400000| Complete |  0
| 105|0x0000000711600000, 0x0000000711800000, 0x0000000711800000|100%| S|CS|TAMS 0x0000000711600000| PB 0x0000000711600000| Complete |  0
| 106|0x0000000711800000, 0x0000000711800000, 0x0000000711a00000|  0%| F|  |TAMS 0x0000000711800000| PB 0x0000000711800000| Untracked |  0
| 107|0x0000000711a00000, 0x0000000711a00000, 0x0000000711c00000|  0%| F|  |TAMS 0x0000000711a00000| PB 0x0000000711a00000| Untracked |  0
| 108|0x0000000711c00000, 0x0000000711c00000, 0x0000000711e00000|  0%| F|  |TAMS 0x0000000711c00000| PB 0x0000000711c00000| Untracked |  0
| 109|0x0000000711e00000, 0x0000000711e00000, 0x0000000712000000|  0%| F|  |TAMS 0x0000000711e00000| PB 0x0000000711e00000| Untracked |  0
| 110|0x0000000712000000, 0x0000000712000000, 0x0000000712200000|  0%| F|  |TAMS 0x0000000712000000| PB 0x0000000712000000| Untracked |  0
| 111|0x0000000712200000, 0x0000000712200000, 0x0000000712400000|  0%| F|  |TAMS 0x0000000712200000| PB 0x0000000712200000| Untracked |  0
| 112|0x0000000712400000, 0x0000000712400000, 0x0000000712600000|  0%| F|  |TAMS 0x0000000712400000| PB 0x0000000712400000| Untracked |  0
| 113|0x0000000712600000, 0x0000000712600000, 0x0000000712800000|  0%| F|  |TAMS 0x0000000712600000| PB 0x0000000712600000| Untracked |  0
| 114|0x0000000712800000, 0x0000000712800000, 0x0000000712a00000|  0%| F|  |TAMS 0x0000000712800000| PB 0x0000000712800000| Untracked |  0
| 115|0x0000000712a00000, 0x0000000712a00000, 0x0000000712c00000|  0%| F|  |TAMS 0x0000000712a00000| PB 0x0000000712a00000| Untracked |  0
| 116|0x0000000712c00000, 0x0000000712c00000, 0x0000000712e00000|  0%| F|  |TAMS 0x0000000712c00000| PB 0x0000000712c00000| Untracked |  0
| 117|0x0000000712e00000, 0x0000000712e00000, 0x0000000713000000|  0%| F|  |TAMS 0x0000000712e00000| PB 0x0000000712e00000| Untracked |  0
| 118|0x0000000713000000, 0x0000000713000000, 0x0000000713200000|  0%| F|  |TAMS 0x0000000713000000| PB 0x0000000713000000| Untracked |  0
| 119|0x0000000713200000, 0x0000000713200000, 0x0000000713400000|  0%| F|  |TAMS 0x0000000713200000| PB 0x0000000713200000| Untracked |  0
| 120|0x0000000713400000, 0x0000000713400000, 0x0000000713600000|  0%| F|  |TAMS 0x0000000713400000| PB 0x0000000713400000| Untracked |  0
| 121|0x0000000713600000, 0x0000000713600000, 0x0000000713800000|  0%| F|  |TAMS 0x0000000713600000| PB 0x0000000713600000| Untracked |  0
| 122|0x0000000713800000, 0x00000007139ffac0, 0x0000000713a00000| 99%| E|  |TAMS 0x0000000713800000| PB 0x0000000713800000| Complete |  0
| 123|0x0000000713a00000, 0x0000000713c00000, 0x0000000713c00000|100%| E|CS|TAMS 0x0000000713a00000| PB 0x0000000713a00000| Complete |  0
| 124|0x0000000713c00000, 0x0000000713e00000, 0x0000000713e00000|100%| E|CS|TAMS 0x0000000713c00000| PB 0x0000000713c00000| Complete |  0
| 125|0x0000000713e00000, 0x0000000714000000, 0x0000000714000000|100%| E|CS|TAMS 0x0000000713e00000| PB 0x0000000713e00000| Complete |  0

Card table byte_map: [0x000001ae501e0000,0x000001ae509c0000] _byte_map_base: 0x000001ae4c9be000

Marking Bits: (CMBitMap*) 0x000001ae381dfb20
 Bits: [0x000001ae509c0000, 0x000001ae548b0000)

Polling page: 0x000001ae35f90000

Metaspace:

Usage:
  Non-class:     16.15 MB used.
      Class:      2.36 MB used.
       Both:     18.51 MB used.

Virtual space:
  Non-class space:       64.00 MB reserved,      16.38 MB ( 26%) committed,  1 nodes.
      Class space:        1.00 GB reserved,       2.56 MB ( <1%) committed,  1 nodes.
             Both:        1.06 GB reserved,      18.94 MB (  2%) committed. 

Chunk freelists:
   Non-Class:  15.42 MB
       Class:  13.45 MB
        Both:  28.88 MB

MaxMetaspaceSize: unlimited
CompressedClassSpaceSize: 1.00 GB
Initial GC threshold: 21.00 MB
Current GC threshold: 21.00 MB
CDS: on
 - commit_granule_bytes: 65536.
 - commit_granule_words: 8192.
 - virtual_space_node_default_size: 8388608.
 - enlarge_chunks_in_place: 1.
 - use_allocation_guard: 0.


Internal statistics:

num_allocs_failed_limit: 0.
num_arena_births: 470.
num_arena_deaths: 0.
num_vsnodes_births: 2.
num_vsnodes_deaths: 0.
num_space_committed: 303.
num_space_uncommitted: 0.
num_chunks_returned_to_freelist: 0.
num_chunks_taken_from_freelist: 1142.
num_chunk_merges: 0.
num_chunk_splits: 735.
num_chunks_enlarged: 482.
num_inconsistent_stats: 0.

CodeHeap 'non-profiled nmethods': size=120000Kb used=858Kb max_used=858Kb free=119141Kb
 bounds [0x000001ae47f80000, 0x000001ae481f0000, 0x000001ae4f4b0000]
CodeHeap 'profiled nmethods': size=120000Kb used=4356Kb max_used=4356Kb free=115644Kb
 bounds [0x000001ae404b0000, 0x000001ae40900000, 0x000001ae479e0000]
CodeHeap 'non-nmethods': size=5760Kb used=1621Kb max_used=1641Kb free=4138Kb
 bounds [0x000001ae479e0000, 0x000001ae47c50000, 0x000001ae47f80000]
 total_blobs=2891 nmethods=2348 adapters=447
 compilation: enabled
              stopped_count=0, restarted_count=0
 full_count=0

Compilation events (20 events):
Event: 0.893 Thread 0x000001ae575363b0 nmethod 2250 0x000001ae408bdd10 code [0x000001ae408bdee0, 0x000001ae408be2c8]
Event: 0.893 Thread 0x000001ae575363b0 2251       3       java.lang.StringBuilder::append (9 bytes)
Event: 0.893 Thread 0x000001ae575363b0 nmethod 2251 0x000001ae408be490 code [0x000001ae408be660, 0x000001ae408be998]
Event: 0.893 Thread 0x000001ae575363b0 2252       1       java.security.Provider$Service::getType (5 bytes)
Event: 0.893 Thread 0x000001ae575363b0 nmethod 2252 0x000001ae48050910 code [0x000001ae48050aa0, 0x000001ae48050b70]
Event: 0.893 Thread 0x000001ae575363b0 2253       1       java.security.Provider$Service::getAlgorithm (5 bytes)
Event: 0.893 Thread 0x000001ae575363b0 nmethod 2253 0x000001ae48050c10 code [0x000001ae48050da0, 0x000001ae48050e70]
Event: 0.893 Thread 0x000001ae575363b0 2254       1       java.security.Provider$Service::getAliases (5 bytes)
Event: 0.893 Thread 0x000001ae575363b0 nmethod 2254 0x000001ae48050f10 code [0x000001ae480510a0, 0x000001ae48051170]
Event: 0.894 Thread 0x000001ae9dd0b3c0 nmethod 2226% 0x000001ae48051210 code [0x000001ae48051500, 0x000001ae48052da8]
Event: 0.894 Thread 0x000001ae9dd0b3c0 2244   !   4       java.net.URL::<init> (543 bytes)
Event: 0.895 Thread 0x000001ae575363b0 2255       3       java.lang.Character::digit (6 bytes)
Event: 0.895 Thread 0x000001ae575363b0 nmethod 2255 0x000001ae408beb10 code [0x000001ae408becc0, 0x000001ae408bef20]
Event: 0.895 Thread 0x000001ae575363b0 2257       3       java.lang.CharacterDataLatin1::digit (32 bytes)
Event: 0.895 Thread 0x000001ae575363b0 nmethod 2257 0x000001ae408bf010 code [0x000001ae408bf1c0, 0x000001ae408bf400]
Event: 0.895 Thread 0x000001ae575363b0 2256       3       java.lang.Character::digit (10 bytes)
Event: 0.895 Thread 0x000001ae575363b0 nmethod 2256 0x000001ae408bf510 code [0x000001ae408bf6c0, 0x000001ae408bf8c8]
Event: 0.895 Thread 0x000001ae575363b0 2259  s    3       java.io.ByteArrayOutputStream::write (43 bytes)
Event: 0.895 Thread 0x000001ae575363b0 nmethod 2259 0x000001ae408bf990 code [0x000001ae408bfb80, 0x000001ae408c0028]
Event: 0.895 Thread 0x000001ae575363b0 2260       3       java.lang.Integer::parseInt (285 bytes)

GC Heap History (4 events):
Event: 0.458 GC heap before
{Heap before GC invocations=0 (full 0):
 garbage-first heap   total reserved 4124672K, committed 258048K, used 22528K [0x0000000704400000, 0x0000000800000000)
  region size 2048K, 12 young (24576K), 0 survivors (0K)
 Metaspace       used 7201K, committed 7424K, reserved 1114112K
  class space    used 858K, committed 960K, reserved 1048576K
}
Event: 0.461 GC heap after
{Heap after GC invocations=1 (full 0):
 garbage-first heap   total reserved 4124672K, committed 258048K, used 4420K [0x0000000704400000, 0x0000000800000000)
  region size 2048K, 2 young (4096K), 2 survivors (4096K)
 Metaspace       used 7201K, committed 7424K, reserved 1114112K
  class space    used 858K, committed 960K, reserved 1048576K
}
Event: 0.845 GC heap before
{Heap before GC invocations=1 (full 0):
 garbage-first heap   total reserved 4124672K, committed 258048K, used 39236K [0x0000000704400000, 0x0000000800000000)
  region size 2048K, 20 young (40960K), 2 survivors (4096K)
 Metaspace       used 16808K, committed 17152K, reserved 1114112K
  class space    used 2152K, committed 2304K, reserved 1048576K
}
Event: 0.850 GC heap after
{Heap after GC invocations=2 (full 0):
 garbage-first heap   total reserved 4124672K, committed 258048K, used 7630K [0x0000000704400000, 0x0000000800000000)
  region size 2048K, 2 young (4096K), 2 survivors (4096K)
 Metaspace       used 16808K, committed 17152K, reserved 1114112K
  class space    used 2152K, committed 2304K, reserved 1048576K
}

Dll operation events (12 events):
Event: 0.008 Loaded shared library C:\Program Files\Java\jdk-22\bin\java.dll
Event: 0.037 Loaded shared library C:\Program Files\Java\jdk-22\bin\jsvml.dll
Event: 0.079 Loaded shared library C:\Program Files\Java\jdk-22\bin\zip.dll
Event: 0.082 Loaded shared library C:\Program Files\Java\jdk-22\bin\instrument.dll
Event: 0.085 Loaded shared library C:\Program Files\Java\jdk-22\bin\net.dll
Event: 0.086 Loaded shared library C:\Program Files\Java\jdk-22\bin\nio.dll
Event: 0.088 Loaded shared library C:\Program Files\Java\jdk-22\bin\zip.dll
Event: 0.123 Loaded shared library C:\Program Files\Java\jdk-22\bin\extnet.dll
Event: 0.138 Loaded shared library C:\Program Files\Java\jdk-22\bin\jimage.dll
Event: 0.336 Loaded shared library C:\Program Files\Java\jdk-22\bin\management.dll
Event: 0.339 Loaded shared library C:\Program Files\Java\jdk-22\bin\management_ext.dll
Event: 0.592 Loaded shared library C:\Program Files\Java\jdk-22\bin\le.dll

Deoptimization events (20 events):
Event: 0.873 Thread 0x000001ae9dc4a0d0 DEOPT PACKING pc=0x000001ae480250c4 sp=0x00000056bc9fdb70
Event: 0.873 Thread 0x000001ae9dc4a0d0 DEOPT UNPACKING pc=0x000001ae47a37da2 sp=0x00000056bc9fdac8 mode 2
Event: 0.875 Thread 0x000001ae9d4ed2e0 DEOPT PACKING pc=0x000001ae407b0ed4 sp=0x00000056bc1fd4f0
Event: 0.875 Thread 0x000001ae9d4ed2e0 DEOPT UNPACKING pc=0x000001ae47a388e2 sp=0x00000056bc1fca10 mode 0
Event: 0.895 Thread 0x000001ae9dc4a0d0 Uncommon trap: trap_request=0xffffffc6 fr.pc=0x000001ae4803d600 relative=0x0000000000000320
Event: 0.895 Thread 0x000001ae9dc4a0d0 Uncommon trap: reason=bimorphic_or_optimized_type_check action=maybe_recompile pc=0x000001ae4803d600 method=java.util.HashMap.getNode(Ljava/lang/Object;)Ljava/util/HashMap$Node; @ 128 c2
Event: 0.895 Thread 0x000001ae9dc4a0d0 DEOPT PACKING pc=0x000001ae4803d600 sp=0x00000056bc9fd1c0
Event: 0.895 Thread 0x000001ae9dc4a0d0 DEOPT UNPACKING pc=0x000001ae47a37da2 sp=0x00000056bc9fd0d8 mode 2
Event: 0.895 Thread 0x000001ae9dc4a0d0 Uncommon trap: trap_request=0xffffffc6 fr.pc=0x000001ae480263d8 relative=0x00000000000002f8
Event: 0.895 Thread 0x000001ae9dc4a0d0 Uncommon trap: reason=bimorphic_or_optimized_type_check action=maybe_recompile pc=0x000001ae480263d8 method=java.util.HashMap.getNode(Ljava/lang/Object;)Ljava/util/HashMap$Node; @ 128 c2
Event: 0.895 Thread 0x000001ae9dc4a0d0 DEOPT PACKING pc=0x000001ae480263d8 sp=0x00000056bc9fd150
Event: 0.895 Thread 0x000001ae9dc4a0d0 DEOPT UNPACKING pc=0x000001ae47a37da2 sp=0x00000056bc9fd0d8 mode 2
Event: 0.895 Thread 0x000001ae9dc4a0d0 Uncommon trap: trap_request=0xffffffc6 fr.pc=0x000001ae48041a78 relative=0x00000000000008b8
Event: 0.895 Thread 0x000001ae9dc4a0d0 Uncommon trap: reason=bimorphic_or_optimized_type_check action=maybe_recompile pc=0x000001ae48041a78 method=java.util.HashMap.putVal(ILjava/lang/Object;Ljava/lang/Object;ZZ)Ljava/lang/Object; @ 203 c2
Event: 0.895 Thread 0x000001ae9dc4a0d0 DEOPT PACKING pc=0x000001ae48041a78 sp=0x00000056bc9fd180
Event: 0.895 Thread 0x000001ae9dc4a0d0 DEOPT UNPACKING pc=0x000001ae47a37da2 sp=0x00000056bc9fd0a8 mode 2
Event: 0.895 Thread 0x000001ae9dc4a0d0 Uncommon trap: trap_request=0xffffffc6 fr.pc=0x000001ae48041a78 relative=0x00000000000008b8
Event: 0.895 Thread 0x000001ae9dc4a0d0 Uncommon trap: reason=bimorphic_or_optimized_type_check action=maybe_recompile pc=0x000001ae48041a78 method=java.util.HashMap.putVal(ILjava/lang/Object;Ljava/lang/Object;ZZ)Ljava/lang/Object; @ 203 c2
Event: 0.895 Thread 0x000001ae9dc4a0d0 DEOPT PACKING pc=0x000001ae48041a78 sp=0x00000056bc9fd180
Event: 0.895 Thread 0x000001ae9dc4a0d0 DEOPT UNPACKING pc=0x000001ae47a37da2 sp=0x00000056bc9fd0a8 mode 2

Classes loaded (20 events):
Event: 0.894 Loading class java/security/spec/EllipticCurve
Event: 0.894 Loading class java/security/spec/EllipticCurve done
Event: 0.894 Loading class java/security/spec/ECPoint
Event: 0.894 Loading class java/security/spec/ECPoint done
Event: 0.894 Loading class sun/security/util/NamedCurve
Event: 0.894 Loading class java/security/spec/ECParameterSpec
Event: 0.894 Loading class java/security/spec/AlgorithmParameterSpec
Event: 0.894 Loading class java/security/spec/AlgorithmParameterSpec done
Event: 0.894 Loading class java/security/spec/ECParameterSpec done
Event: 0.894 Loading class sun/security/util/NamedCurve done
Event: 0.894 Loading class sun/security/util/DerOutputStream
Event: 0.894 Loading class sun/security/util/DerEncoder
Event: 0.894 Loading class sun/security/util/DerEncoder done
Event: 0.894 Loading class sun/security/util/DerOutputStream done
Event: 0.894 Loading class sun/security/util/ByteArrayLexOrder
Event: 0.894 Loading class sun/security/util/ByteArrayLexOrder done
Event: 0.894 Loading class sun/security/util/ByteArrayTagOrder
Event: 0.894 Loading class sun/security/util/ByteArrayTagOrder done
Event: 0.894 Loading class sun/security/util/ObjectIdentifier
Event: 0.895 Loading class sun/security/util/ObjectIdentifier done

Classes unloaded (0 events):
No events

Classes redefined (0 events):
No events

Internal exceptions (20 events):
Event: 0.566 Thread 0x000001ae9d4ed2e0 Exception <a 'java/lang/NoSuchMethodError'{0x000000071393e5b0}: 'void java.lang.invoke.DirectMethodHandle$Holder.invokeInterface(java.lang.Object, java.lang.Object, java.lang.Object)'> (0x000000071393e5b0) 
thrown [s\open\src\hotspot\share\interpreter\linkResolver.cpp, line 774]
Event: 0.578 Thread 0x000001ae9d4ed2e0 Exception <a 'java/lang/NoSuchMethodError'{0x00000007139d3558}: 'void java.lang.invoke.DirectMethodHandle$Holder.invokeStaticInit(java.lang.Object, java.lang.Object, java.lang.Object)'> (0x00000007139d3558) 
thrown [s\open\src\hotspot\share\interpreter\linkResolver.cpp, line 774]
Event: 0.581 Thread 0x000001ae9d4ed2e0 Exception <a 'java/lang/NoSuchMethodError'{0x00000007139f09d8}: 'java.lang.Object java.lang.invoke.DirectMethodHandle$Holder.invokeVirtual(java.lang.Object, java.lang.Object, java.lang.Object)'> (0x00000007139f09d8) 
thrown [s\open\src\hotspot\share\interpreter\linkResolver.cpp, line 774]
Event: 0.583 Thread 0x000001ae9d4ed2e0 Exception <a 'java/lang/NoSuchMethodError'{0x0000000713613f40}: 'java.lang.Object java.lang.invoke.DirectMethodHandle$Holder.invokeStaticInit(java.lang.Object, int)'> (0x0000000713613f40) 
thrown [s\open\src\hotspot\share\interpreter\linkResolver.cpp, line 774]
Event: 0.584 Thread 0x000001ae9d4ed2e0 Exception <a 'java/lang/NoSuchMethodError'{0x000000071361e290}: 'java.lang.Object java.lang.invoke.DirectMethodHandle$Holder.invokeStaticInit(java.lang.Object, int, java.lang.Object)'> (0x000000071361e290) 
thrown [s\open\src\hotspot\share\interpreter\linkResolver.cpp, line 774]
Event: 0.589 Thread 0x000001ae9d4ed2e0 Exception <a 'sun/nio/fs/WindowsException'{0x0000000713640a10}> (0x0000000713640a10) 
thrown [s\open\src\hotspot\share\prims\jni.cpp, line 520]
Event: 0.593 Thread 0x000001ae9d4ed2e0 Exception <a 'jdk/internal/org/jline/terminal/impl/jna/LastErrorException'{0x000000071364d130}> (0x000000071364d130) 
thrown [s\open\src\hotspot\share\prims\jni.cpp, line 520]
Event: 0.593 Thread 0x000001ae9d4ed2e0 Exception <a 'jdk/internal/org/jline/terminal/impl/jna/LastErrorException'{0x000000071364daa0}> (0x000000071364daa0) 
thrown [s\open\src\hotspot\share\prims\jni.cpp, line 520]
Event: 0.593 Thread 0x000001ae9d4ed2e0 Exception <a 'jdk/internal/org/jline/terminal/impl/jna/LastErrorException'{0x000000071364e3c0}> (0x000000071364e3c0) 
thrown [s\open\src\hotspot\share\prims\jni.cpp, line 520]
Event: 0.644 Thread 0x000001ae9d4ed2e0 Exception <a 'java/lang/NoSuchMethodError'{0x00000007134379b8}: 'void java.lang.invoke.DirectMethodHandle$Holder.invokeVirtual(java.lang.Object, java.lang.Object, java.lang.Object, java.lang.Object)'> (0x00000007134379b8) 
thrown [s\open\src\hotspot\share\interpreter\linkResolver.cpp, line 774]
Event: 0.695 Thread 0x000001ae9d4ed2e0 Exception <a 'java/lang/NoSuchMethodError'{0x000000071335fbe0}: 'java.lang.Object java.lang.invoke.Invokers$Holder.invoke_MT(java.lang.Object, java.lang.Object, java.lang.Object, java.lang.Object, java.lang.Object, java.lang.Object, java.lang.Object, java.lang.Object, java.lang.Object)'> (0x000000071335fbe0) 
thrown [s\open\src\hotspot\share\interpreter\linkResolver.cpp, line 774]
Event: 0.698 Thread 0x000001ae9d4ed2e0 Exception <a 'java/lang/NoSuchMethodError'{0x0000000713038110}: 'java.lang.reflect.Field[] java.lang.Class.getDeclaredFields(java.lang.Class)'> (0x0000000713038110) 
thrown [s\open\src\hotspot\share\interpreter\linkResolver.cpp, line 774]
Event: 0.706 Thread 0x000001ae9d4ed2e0 Exception <a 'java/lang/IncompatibleClassChangeError'{0x00000007130f9ea0}: Found class java.lang.Object, but interface was expected> (0x00000007130f9ea0) 
thrown [s\open\src\hotspot\share\interpreter\linkResolver.cpp, line 841]
Event: 0.825 Thread 0x000001ae9dc4a0d0 Exception <a 'java/lang/NoSuchMethodError'{0x0000000711acfb98}: 'long java.lang.invoke.DirectMethodHandle$Holder.invokeSpecial(java.lang.Object, java.lang.Object)'> (0x0000000711acfb98) 
thrown [s\open\src\hotspot\share\interpreter\linkResolver.cpp, line 774]
Event: 0.826 Thread 0x000001ae9dc4a0d0 Exception <a 'java/lang/NoSuchMethodError'{0x0000000711ad9830}: 'long java.lang.invoke.DirectMethodHandle$Holder.invokeStatic(java.lang.Object, java.lang.Object)'> (0x0000000711ad9830) 
thrown [s\open\src\hotspot\share\interpreter\linkResolver.cpp, line 774]
Event: 0.826 Thread 0x000001ae9dc4a0d0 Exception <a 'java/lang/NoSuchMethodError'{0x0000000711adc918}: 'long java.lang.invoke.DirectMethodHandle$Holder.invokeStaticInit(java.lang.Object, java.lang.Object)'> (0x0000000711adc918) 
thrown [s\open\src\hotspot\share\interpreter\linkResolver.cpp, line 774]
Event: 0.827 Thread 0x000001ae9dc4a0d0 Exception <a 'java/lang/NoSuchMethodError'{0x0000000711b2b180}: 'long java.lang.invoke.DirectMethodHandle$Holder.invokeInterface(java.lang.Object, java.lang.Object)'> (0x0000000711b2b180) 
thrown [s\open\src\hotspot\share\interpreter\linkResolver.cpp, line 774]
Event: 0.828 Thread 0x000001ae9dc4a0d0 Exception <a 'java/lang/IncompatibleClassChangeError'{0x0000000711b2e190}: Found class java.lang.Object, but interface was expected> (0x0000000711b2e190) 
thrown [s\open\src\hotspot\share\interpreter\linkResolver.cpp, line 841]
Event: 0.871 Thread 0x000001ae9d4ed2e0 Exception <a 'java/lang/NoSuchMethodError'{0x0000000713c86b70}: 'int java.lang.invoke.DirectMethodHandle$Holder.invokeSpecial(java.lang.Object, java.lang.Object, java.lang.Object, java.lang.Object, java.lang.Object)'> (0x0000000713c86b70) 
thrown [s\open\src\hotspot\share\interpreter\linkResolver.cpp, line 774]
Event: 0.873 Thread 0x000001ae9d4ed2e0 Exception <a 'java/lang/NoSuchMethodError'{0x0000000713c8eeb8}: 'void java.lang.invoke.DirectMethodHandle$Holder.invokeVirtual(java.lang.Object, java.lang.Object)'> (0x0000000713c8eeb8) 
thrown [s\open\src\hotspot\share\interpreter\linkResolver.cpp, line 774]

ZGC Phase Switch (0 events):
No events

VM Operations (20 events):
Event: 0.674 Executing VM operation: HandshakeAllThreads (Deoptimize)
Event: 0.674 Executing VM operation: HandshakeAllThreads (Deoptimize) done
Event: 0.676 Executing VM operation: HandshakeAllThreads (Deoptimize)
Event: 0.676 Executing VM operation: HandshakeAllThreads (Deoptimize) done
Event: 0.676 Executing VM operation: HandshakeAllThreads (Deoptimize)
Event: 0.676 Executing VM operation: HandshakeAllThreads (Deoptimize) done
Event: 0.758 Executing VM operation: HandshakeAllThreads (Deoptimize)
Event: 0.758 Executing VM operation: HandshakeAllThreads (Deoptimize) done
Event: 0.826 Executing VM operation: HandshakeAllThreads (Deoptimize)
Event: 0.826 Executing VM operation: HandshakeAllThreads (Deoptimize) done
Event: 0.844 Executing VM operation: G1CollectForAllocation (G1 Evacuation Pause)
Event: 0.850 Executing VM operation: G1CollectForAllocation (G1 Evacuation Pause) done
Event: 0.860 Executing VM operation: HandshakeAllThreads (Deoptimize)
Event: 0.860 Executing VM operation: HandshakeAllThreads (Deoptimize) done
Event: 0.875 Executing VM operation: HandshakeAllThreads (Deoptimize)
Event: 0.875 Executing VM operation: HandshakeAllThreads (Deoptimize) done
Event: 0.876 Executing VM operation: HandshakeAllThreads (Deoptimize)
Event: 0.876 Executing VM operation: HandshakeAllThreads (Deoptimize) done
Event: 0.894 Executing VM operation: HandshakeAllThreads (Deoptimize)
Event: 0.894 Executing VM operation: HandshakeAllThreads (Deoptimize) done

Events (17 events):
Event: 0.022 Thread 0x000001ae35fd97e0 Thread added: 0x000001ae35fd97e0
Event: 0.034 Thread 0x000001ae57517fe0 Thread added: 0x000001ae57517fe0
Event: 0.034 Thread 0x000001ae57518910 Thread added: 0x000001ae57518910
Event: 0.034 Thread 0x000001ae5751fee0 Thread added: 0x000001ae5751fee0
Event: 0.034 Thread 0x000001ae57520550 Thread added: 0x000001ae57520550
Event: 0.034 Thread 0x000001ae57521360 Thread added: 0x000001ae57521360
Event: 0.035 Thread 0x000001ae57528530 Thread added: 0x000001ae57528530
Event: 0.035 Thread 0x000001ae575324f0 Thread added: 0x000001ae575324f0
Event: 0.035 Thread 0x000001ae575363b0 Thread added: 0x000001ae575363b0
Event: 0.065 Thread 0x000001ae574e87d0 Thread added: 0x000001ae574e87d0
Event: 0.078 Thread 0x000001ae577fe880 Thread added: 0x000001ae577fe880
Event: 0.117 Thread 0x000001ae579f0b00 Thread added: 0x000001ae579f0b00
Event: 0.117 Thread 0x000001ae578aaf90 Thread added: 0x000001ae578aaf90
Event: 0.362 Thread 0x000001ae9d4ecc70 Thread added: 0x000001ae9d4ecc70
Event: 0.365 Thread 0x000001ae9d4ed2e0 Thread added: 0x000001ae9d4ed2e0
Event: 0.631 Thread 0x000001ae9dd0b3c0 Thread added: 0x000001ae9dd0b3c0
Event: 0.693 Thread 0x000001ae9dc4a0d0 Thread added: 0x000001ae9dc4a0d0


Dynamic libraries:
0x00007ff69c020000 - 0x00007ff69c030000 	C:\Program Files\Java\jdk-22\bin\java.exe
0x00007ffc73510000 - 0x00007ffc73728000 	C:\WINDOWS\SYSTEM32\ntdll.dll
0x00007ffc63a90000 - 0x00007ffc63ab0000 	C:\Program Files\Avast Software\Avast\aswhook.dll
0x00007ffc72140000 - 0x00007ffc72204000 	C:\WINDOWS\System32\KERNEL32.DLL
0x00007ffc70710000 - 0x00007ffc70ae3000 	C:\WINDOWS\System32\KERNELBASE.dll
0x00007ffc70d00000 - 0x00007ffc70e11000 	C:\WINDOWS\System32\ucrtbase.dll
0x00007ffc693e0000 - 0x00007ffc693f7000 	C:\Program Files\Java\jdk-22\bin\jli.dll
0x00007ffc693c0000 - 0x00007ffc693db000 	C:\Program Files\Java\jdk-22\bin\VCRUNTIME140.dll
0x00007ffc713c0000 - 0x00007ffc71471000 	C:\WINDOWS\System32\ADVAPI32.dll
0x00007ffc72240000 - 0x00007ffc722e7000 	C:\WINDOWS\System32\msvcrt.dll
0x00007ffc73310000 - 0x00007ffc733b8000 	C:\WINDOWS\System32\sechost.dll
0x00007ffc706e0000 - 0x00007ffc70708000 	C:\WINDOWS\System32\bcrypt.dll
0x00007ffc72410000 - 0x00007ffc72528000 	C:\WINDOWS\System32\RPCRT4.dll
0x00007ffc72e30000 - 0x00007ffc72fe2000 	C:\WINDOWS\System32\USER32.dll
0x00007ffc70af0000 - 0x00007ffc70b16000 	C:\WINDOWS\System32\win32u.dll
0x00007ffc72210000 - 0x00007ffc72239000 	C:\WINDOWS\System32\GDI32.dll
0x00007ffc58520000 - 0x00007ffc587bc000 	C:\WINDOWS\WinSxS\amd64_microsoft.windows.common-controls_6595b64144ccf1df_6.0.22621.6060_none_2712eda17382d24b\COMCTL32.dll
0x00007ffc71090000 - 0x00007ffc711ab000 	C:\WINDOWS\System32\gdi32full.dll
0x00007ffc70c60000 - 0x00007ffc70cfa000 	C:\WINDOWS\System32\msvcp_win.dll
0x00007ffc695e0000 - 0x00007ffc695ea000 	C:\WINDOWS\SYSTEM32\VERSION.dll
0x00007ffc717b0000 - 0x00007ffc717e1000 	C:\WINDOWS\System32\IMM32.DLL
0x00007ffc69490000 - 0x00007ffc6949c000 	C:\Program Files\Java\jdk-22\bin\vcruntime140_1.dll
0x00007ffc56930000 - 0x00007ffc569be000 	C:\Program Files\Java\jdk-22\bin\msvcp140.dll
0x00007ffc13cb0000 - 0x00007ffc149f7000 	C:\Program Files\Java\jdk-22\bin\server\jvm.dll
0x00007ffc71800000 - 0x00007ffc71871000 	C:\WINDOWS\System32\WS2_32.dll
0x00007ffc6f470000 - 0x00007ffc6f4bd000 	C:\WINDOWS\SYSTEM32\POWRPROF.dll
0x00007ffc692d0000 - 0x00007ffc69304000 	C:\WINDOWS\SYSTEM32\WINMM.dll
0x00007ffc6f450000 - 0x00007ffc6f463000 	C:\WINDOWS\SYSTEM32\UMPDC.dll
0x00007ffc6f6f0000 - 0x00007ffc6f708000 	C:\WINDOWS\SYSTEM32\kernel.appcore.dll
0x00007ffc693b0000 - 0x00007ffc693ba000 	C:\Program Files\Java\jdk-22\bin\jimage.dll
0x00007ffc6e040000 - 0x00007ffc6e273000 	C:\WINDOWS\SYSTEM32\DBGHELP.DLL
0x00007ffc729d0000 - 0x00007ffc72d61000 	C:\WINDOWS\System32\combase.dll
0x00007ffc71480000 - 0x00007ffc71558000 	C:\WINDOWS\System32\OLEAUT32.dll
0x00007ffc656d0000 - 0x00007ffc65702000 	C:\WINDOWS\SYSTEM32\dbgcore.DLL
0x00007ffc71010000 - 0x00007ffc7108b000 	C:\WINDOWS\System32\bcryptPrimitives.dll
0x00007ffc69ff0000 - 0x00007ffc69fff000 	C:\Program Files\Java\jdk-22\bin\instrument.dll
0x00007ffc68e90000 - 0x00007ffc68eae000 	C:\Program Files\Java\jdk-22\bin\java.dll
0x00007ffc718a0000 - 0x00007ffc7213c000 	C:\WINDOWS\System32\SHELL32.dll
0x00007ffc70b20000 - 0x00007ffc70c5f000 	C:\WINDOWS\System32\wintypes.dll
0x00007ffc71210000 - 0x00007ffc713b1000 	C:\WINDOWS\System32\ole32.dll
0x00007ffc6e530000 - 0x00007ffc6ee4a000 	C:\WINDOWS\SYSTEM32\windows.storage.dll
0x00007ffc71600000 - 0x00007ffc71704000 	C:\WINDOWS\System32\SHCORE.dll
0x00007ffc722f0000 - 0x00007ffc72359000 	C:\WINDOWS\System32\shlwapi.dll
0x00007ffc70550000 - 0x00007ffc70575000 	C:\WINDOWS\SYSTEM32\profapi.dll
0x00007ffc39a00000 - 0x00007ffc39ad7000 	C:\Program Files\Java\jdk-22\bin\jsvml.dll
0x00007ffc68960000 - 0x00007ffc68977000 	C:\Program Files\Java\jdk-22\bin\zip.dll
0x00007ffc68e80000 - 0x00007ffc68e90000 	C:\Program Files\Java\jdk-22\bin\net.dll
0x00007ffc6fbd0000 - 0x00007ffc6fc39000 	C:\WINDOWS\system32\mswsock.dll
0x00007ffc68e60000 - 0x00007ffc68e76000 	C:\Program Files\Java\jdk-22\bin\nio.dll
0x00007ffc65430000 - 0x00007ffc65439000 	C:\Program Files\Java\jdk-22\bin\extnet.dll
0x00007ffc69fb0000 - 0x00007ffc69fba000 	C:\Program Files\Java\jdk-22\bin\management.dll
0x00007ffc69f60000 - 0x00007ffc69f6b000 	C:\Program Files\Java\jdk-22\bin\management_ext.dll
0x00007ffc71560000 - 0x00007ffc71568000 	C:\WINDOWS\System32\PSAPI.DLL
0x00007ffc69f00000 - 0x00007ffc69f0b000 	C:\Program Files\Java\jdk-22\bin\le.dll
0x00007ffc56cb0000 - 0x00007ffc56cbe000 	C:\Program Files\Java\jdk-22\bin\sunmscapi.dll
0x00007ffc70e20000 - 0x00007ffc70f88000 	C:\WINDOWS\System32\CRYPT32.dll
0x00007ffc6ffc0000 - 0x00007ffc6ffee000 	C:\WINDOWS\SYSTEM32\ncrypt.dll
0x00007ffc6ff80000 - 0x00007ffc6ffb7000 	C:\WINDOWS\SYSTEM32\NTASN1.dll

dbghelp: loaded successfully - version: 4.0.5 - missing functions: none
symbol engine: initialized successfully - sym options: 0x614 - pdb path: .;C:\Program Files\Java\jdk-22\bin;C:\WINDOWS\SYSTEM32;C:\Program Files\Avast Software\Avast;C:\WINDOWS\WinSxS\amd64_microsoft.windows.common-controls_6595b64144ccf1df_6.0.22621.6060_none_2712eda17382d24b;C:\Program Files\Java\jdk-22\bin\server

VM Arguments:
jvm_args: -javaagent:C:\Program Files\JetBrains\IntelliJ IDEA Community Edition 2025.2\lib\idea_rt.jar=51609 -Dfile.encoding=UTF-8 -Dsun.stdout.encoding=UTF-8 -Dsun.stderr.encoding=UTF-8 
java_command: Anshika_Task.Anshika_Task_Bajaj.AnshikaTaskBajajApplication
java_class_path (initial): D:\Anshika_Task_Bajaj\target\classes;C:\Users\DeLL\.m2\repository\org\springframework\boot\spring-boot-starter-webmvc\4.0.0\spring-boot-starter-webmvc-4.0.0.jar;C:\Users\DeLL\.m2\repository\org\springframework\boot\spring-boot-starter\4.0.0\spring-boot-starter-4.0.0.jar;C:\Users\DeLL\.m2\repository\org\springframework\boot\spring-boot-starter-logging\4.0.0\spring-boot-starter-logging-4.0.0.jar;C:\Users\DeLL\.m2\repository\ch\qos\logback\logback-classic\1.5.21\logback-classic-1.5.21.jar;C:\Users\DeLL\.m2\repository\ch\qos\logback\logback-core\1.5.21\logback-core-1.5.21.jar;C:\Users\DeLL\.m2\repository\org\apache\logging\log4j\log4j-to-slf4j\2.25.2\log4j-to-slf4j-2.25.2.jar;C:\Users\DeLL\.m2\repository\org\apache\logging\log4j\log4j-api\2.25.2\log4j-api-2.25.2.jar;C:\Users\DeLL\.m2\repository\org\slf4j\jul-to-slf4j\2.0.17\jul-to-slf4j-2.0.17.jar;C:\Users\DeLL\.m2\repository\jakarta\annotation\jakarta.annotation-api\3.0.0\jakarta.annotation-api-3.0.0.jar;C:\Users\DeLL\.m2\repository\org\yaml\snakeyaml\2.5\snakeyaml-2.5.jar;C:\Users\DeLL\.m2\repository\org\springframework\boot\spring-boot-starter-jackson\4.0.0\spring-boot-starter-jackson-4.0.0.jar;C:\Users\DeLL\.m2\repository\org\springframework\boot\spring-boot-jackson\4.0.0\spring-boot-jackson-4.0.0.jar;C:\Users\DeLL\.m2\repository\tools\jackson\core\jackson-databind\3.0.2\jackson-databind-3.0.2.jar;C:\Users\DeLL\.m2\repository\com\fasterxml\jackson\core\jackson-annotations\2.20\jackson-annotations-2.20.jar;C:\Users\DeLL\.m2\repository\tools\jackson\core\jackson-core\3.0.2\jackson-core-3.0.2.jar;C:\Users\DeLL\.m2\repository\org\springframework\boot\spring-boot-starter-tomcat\4.0.0\spring-boot-starter-tomcat-4.0.0.jar;C:\Users\DeLL\.m2\repository\org\springframework\boot\spring-boot-starter-tomcat-runtime\4.0.0\spring-boot-starter-tomcat-runtime-4.0.0.jar;C:\Users\DeLL\.m2\repository\org\apache\tomcat\embed\tomcat-embed-core\11.0.14\tomcat-embed-core-11.0.14.jar;C:\Users\DeLL\.m2\repository\org\apache\tomcat\embed\tomcat-embed-el\11.0.14\tomcat-embed-el-11.0.14.jar;C:\Users\DeLL\.m2\repository\org\apache\tomcat\embed\tomcat-embed-websocket\11.0.14\tomcat-embed-websocket-11.0.14.jar;C:\Users\DeLL\.m2\repository\org\springframework\boot\spring-boot-tomcat\4.0.0\spring-boot-tomcat-4.0.0.jar;C:\Users\DeLL\.m2\repository\org\springframework\boot\spring-boot-http-converter\4.0.0\spring-boot-http-converter-4.0.0.jar;C:\Users\DeLL\.m2\repository\org\springframework\spring-web\7.0.1\spring-web-7.0.1.jar;C:\Users\DeLL\.m2\repository\org\springframework\spring-beans\7.0.1\spring-beans-7.0.1.jar;C:\Users\DeLL\.m2\repository\io\micrometer\micrometer-observation\1.16.0\micrometer-observation-1.16.0.jar;C:\Users\DeLL\.m2\repository\io\micrometer\micrometer-commons\1.16.0\micrometer-commons-1.16.0.jar;C:\Users\DeLL\.m2\repository\org\springframework\boot\spring-boot-webmvc\4.0.0\spring-boot-webmvc-4.0.0.jar;C:\Users\DeLL\.m2\repository\org\springframework\boot\spring-boot-servlet\4.0.0\spring-boot-servlet-4.0.0.jar;C:\Users\DeLL\.m2\repository\org\springframework\spring-webmvc\7.0.1\spring-webmvc-7.0.1.jar;C:\Users\DeLL\.m2\repository\org\springframework\spring-aop\7.0.1\spring-aop-7.0.1.jar;C:\Users\DeLL\.m2\repository\org\springframework\spring-expression\7.0.1\spring-expression-7.0.1.jar;C:\Users\DeLL\.m2\repository\org\springframework\boot\spring-boot-devtools\4.0.0\spring-boot-devtools-4.0.0.jar;C:\Users\DeLL\.m2\repository\org\springframework\boot\spring-boot\4.0.0\spring-boot-4.0.0.jar;C:\Users\DeLL\.m2\repository\org\springframework\spring-core\7.0.1\spring-core-7.0.1.jar;C:\Users\DeLL\.m2\repository\commons-logging\commons-logging\1.3.5\commons-logging-1.3.5.jar;C:\Users\DeLL\.m2\repository\org\jspecify\jspecify\1.0.0\jspecify-1.0.0.jar;C:\Users\DeLL\.m2\repository\org\springframework\spring-context\7.0.1\spring-context-7.0.1.jar;C:\Users\DeLL\.m2\repository\org\springframework\boot\spring-boot-autoconfigure\4.0.0\spring-boot-autoconfigure-4.0.0.jar;C:\Users\DeLL\.m2\repository\org\projectlombok\lombok\1.18.42\lombok-1.18.42.jar;C:\Users\DeLL\.m2\repository\org\slf4j\slf4j-api\2.0.17\slf4j-api-2.0.17.jar;C:\Users\DeLL\.m2\repository\org\springframework\boot\spring-boot-web-server\4.0.0\spring-boot-web-server-4.0.0.jar
Launcher Type: SUN_STANDARD

[Global flags]
     intx CICompilerCount                          = 4                                         {product} {ergonomic}
     uint ConcGCThreads                            = 3                                         {product} {ergonomic}
     uint G1ConcRefinementThreads                  = 10                                        {product} {ergonomic}
   size_t G1HeapRegionSize                         = 2097152                                   {product} {ergonomic}
   size_t InitialHeapSize                          = 264241152                                 {product} {ergonomic}
   size_t MarkStackSize                            = 4194304                                   {product} {ergonomic}
   size_t MaxHeapSize                              = 4223664128                                {product} {ergonomic}
   size_t MaxNewSize                               = 2533359616                                {product} {ergonomic}
   size_t MinHeapDeltaBytes                        = 2097152                                   {product} {ergonomic}
   size_t MinHeapSize                              = 8388608                                   {product} {ergonomic}
    uintx NonNMethodCodeHeapSize                   = 5839372                                {pd product} {ergonomic}
    uintx NonProfiledCodeHeapSize                  = 122909434                              {pd product} {ergonomic}
    uintx ProfiledCodeHeapSize                     = 122909434                              {pd product} {ergonomic}
    uintx ReservedCodeCacheSize                    = 251658240                              {pd product} {ergonomic}
     bool SegmentedCodeCache                       = true                                      {product} {ergonomic}
   size_t SoftMaxHeapSize                          = 4223664128                             {manageable} {ergonomic}
     bool UseCompressedOops                        = true                           {product lp64_product} {ergonomic}
     bool UseG1GC                                  = true                                      {product} {ergonomic}
     bool UseLargePagesIndividualAllocation        = false                                  {pd product} {ergonomic}

Logging:
Log output configuration:
 #0: stdout all=warning uptime,level,tags foldmultilines=false
 #1: stderr all=off uptime,level,tags foldmultilines=false

Environment Variables:
PATH=C:\Program Files\Java\jdk-22\bin;C:\Program Files\nodejs;C:\WINDOWS\System32;C:\WINDOWS\System32\WindowsPowerShell\v1.0\;C:\BC5\BIN;C:\Users\DeLL\AppData\Local\Programs\Python\Python310\Scripts\;C:\Users\DeLL\AppData\Local\Programs\Python\Python310\;C:\Users\DeLL\AppData\Local\Microsoft\WindowsApps;C:\Users\DeLL\AppData\Local\Programs\Microsoft VS Code\bin
USERNAME=DeLL
OS=Windows_NT
PROCESSOR_IDENTIFIER=Intel64 Family 6 Model 141 Stepping 1, GenuineIntel
TMP=C:\Users\DeLL\AppData\Local\Temp
TEMP=C:\Users\DeLL\AppData\Local\Temp




Periodic native trim disabled

---------------  S Y S T E M  ---------------

OS:
 Windows 11 , 64 bit Build 22621 (10.0.22621.5415)
OS uptime: 9 days 18:41 hours

CPU: total 12 (initial active 12) (6 cores per cpu, 2 threads per core) family 6 model 141 stepping 1 microcode 0x56, cx8, cmov, fxsr, ht, mmx, 3dnowpref, sse, sse2, sse3, ssse3, sse4.1, sse4.2, popcnt, lzcnt, tsc, tscinvbit, avx, avx2, aes, erms, clmul, bmi1, bmi2, adx, avx512f, avx512dq, avx512cd, avx512bw, avx512vl, sha, fma, vzeroupper, avx512_vpopcntdq, avx512_vpclmulqdq, avx512_vaes, avx512_vnni, clflush, clflushopt, clwb, avx512_vbmi2, avx512_vbmi, rdtscp, rdpid, fsrm, gfni, avx512_bitalg, f16c, pku, cet_ibt, cet_ss, avx512_ifma
Processor Information for all 12 processors :
  Max Mhz: 2611, Current Mhz: 2611, Mhz Limit: 2611

Memory: 4k page, system-wide physical 16110M (2074M free)
TotalPageFile size 28816M (AvailPageFile size 4M)
current process WorkingSet (physical memory assigned to process): 163M, peak: 163M
current process commit charge ("private bytes"): 414M, peak: 415M

vm_info: Java HotSpot(TM) 64-Bit Server VM (22.0.1+8-16) for windows-amd64 JRE (22.0.1+8-16), built on 2024-03-12T10:33:16Z by "mach5one" with MS VC++ 17.6 (VS2022)

END.
