#
# There is insufficient memory for the Java Runtime Environment to continue.
# Native memory allocation (mmap) failed to map 264241152 bytes. Error detail: G1 virtual space
# Possible reasons:
#   The system is out of physical RAM or swap space
#   This process is running with CompressedOops enabled, and the Java Heap may be blocking the growth of the native heap
# Possible solutions:
#   Reduce memory load on the system
#   Increase physical memory or swap space
#   Check if swap backing store is full
#   Decrease Java heap size (-Xmx/-Xms)
#   Decrease number of Java threads
#   Decrease Java thread stack sizes (-Xss)
#   Set larger code cache with -XX:ReservedCodeCacheSize=
#   JVM is running with Zero Based Compressed Oops mode in which the Java heap is
#     placed in the first 32GB address space. The Java Heap base address is the
#     maximum limit for the native heap growth. Please use -XX:HeapBaseMinAddress
#     to set the Java Heap base and to place the Java Heap above 32GB virtual address.
# This output file may be truncated or incomplete.
#
#  Out of Memory Error (os_windows.cpp:3631), pid=20748, tid=18440
#
# JRE version:  (22.0.1+8) (build )
# Java VM: Java HotSpot(TM) 64-Bit Server VM (22.0.1+8-16, mixed mode, sharing, tiered, compressed oops, compressed class ptrs, g1 gc, windows-amd64)
# No core dump will be written. Minidumps are not enabled by default on client versions of Windows
#

---------------  S U M M A R Y ------------

Command Line: -javaagent:C:\Program Files\JetBrains\IntelliJ IDEA Community Edition 2025.2\lib\idea_rt.jar=56138 -Dfile.encoding=UTF-8 -Dsun.stdout.encoding=UTF-8 -Dsun.stderr.encoding=UTF-8 Anshika_Task.Anshika_Task_Bajaj.AnshikaTaskBajajApplication

Host: 11th Gen Intel(R) Core(TM) i5-11260H @ 2.60GHz, 12 cores, 15G,  Windows 11 , 64 bit Build 22621 (10.0.22621.5415)
Time: Mon Dec  1 17:48:39 2025 India Standard Time elapsed time: 0.010675 seconds (0d 0h 0m 0s)

---------------  T H R E A D  ---------------

Current thread (0x0000029971f59f90):  JavaThread "Unknown thread" [_thread_in_vm, id=18440, stack(0x000000a391300000,0x000000a391400000) (1024K)]

Stack: [0x000000a391300000,0x000000a391400000]
Native frames: (J=compiled Java code, j=interpreted, Vv=VM code, C=native code)
V  [jvm.dll+0x6e2279]  (no source info available)
V  [jvm.dll+0x874e33]  (no source info available)
V  [jvm.dll+0x87725e]  (no source info available)
V  [jvm.dll+0x877933]  (no source info available)
V  [jvm.dll+0x27fd76]  (no source info available)
V  [jvm.dll+0x6de915]  (no source info available)
V  [jvm.dll+0x6d341a]  (no source info available)
V  [jvm.dll+0x3589da]  (no source info available)
V  [jvm.dll+0x360f06]  (no source info available)
V  [jvm.dll+0x3b3e2e]  (no source info available)
V  [jvm.dll+0x3b40d8]  (no source info available)
V  [jvm.dll+0x32c59c]  (no source info available)
V  [jvm.dll+0x32d158]  (no source info available)
V  [jvm.dll+0x83ccdc]  (no source info available)
V  [jvm.dll+0x3c0d71]  (no source info available)
V  [jvm.dll+0x825ccc]  (no source info available)
V  [jvm.dll+0x45b8fe]  (no source info available)
V  [jvm.dll+0x45d781]  (no source info available)
C  [jli.dll+0x52a3]  (no source info available)
C  [ucrtbase.dll+0x29333]  (no source info available)
C  [KERNEL32.DLL+0x1259d]  (no source info available)
C  [ntdll.dll+0x5af78]  (no source info available)


---------------  P R O C E S S  ---------------

Threads class SMR info:
_java_thread_list=0x00007ffc1489b1c8, length=0, elements={
}

Java Threads: ( => current thread )
Total: 0

Other Threads:
  0x000002997432e590 WorkerThread "GC Thread#0"                     [id=28412, stack(0x000000a391400000,0x000000a391500000) (1024K)]
  0x0000029974340300 ConcurrentGCThread "G1 Main Marker"            [id=20620, stack(0x000000a391500000,0x000000a391600000) (1024K)]
  0x00000299743415b0 WorkerThread "G1 Conc#0"                       [id=32756, stack(0x000000a391600000,0x000000a391700000) (1024K)]

[error occurred during error reporting (printing all threads), id 0xc0000005, EXCEPTION_ACCESS_VIOLATION (0xc0000005) at pc=0x00007ffc13fef367]
VM state: not at safepoint (not fully initialized)

VM Mutex/Monitor currently owned by a thread:  ([mutex/lock_event])
[0x00007ffc1491bcb8] Heap_lock - owner thread: 0x0000029971f59f90

Heap address: 0x0000000704400000, size: 4028 MB, Compressed Oops mode: Zero based, Oop shift amount: 3

CDS archive(s) mapped at: [0x0000000000000000-0x0000000000000000-0x0000000000000000), size 0, SharedBaseAddress: 0x0000000800000000, ArchiveRelocationMode: 1.
Narrow klass base: 0x0000000000000000, Narrow klass shift: 0, Narrow klass range: 0x0

GC Precious Log:
 CardTable entry size: 512
 Card Set container configuration: InlinePtr #cards 4 size 8 Array Of Cards #cards 16 size 48 Howl #buckets 8 coarsen threshold 3686 Howl Bitmap #cards 512 size 80 coarsen threshold 460 Card regions per heap region 1 cards per card region 4096

Heap:
 garbage-first heap   total reserved 4124672K, committed 0K, used 0K [0x0000000704400000, 0x0000000800000000)
  region size 2048K, 0 young (0K), 0 survivors (0K)

[error occurred during error reporting (printing heap information), id 0xc0000005, EXCEPTION_ACCESS_VIOLATION (0xc0000005) at pc=0x00007ffc143ee429]
GC Heap History (0 events):
No events

Dll operation events (1 events):
Event: 0.008 Loaded shared library C:\Program Files\Java\jdk-22\bin\java.dll

Deoptimization events (0 events):
No events

Classes loaded (0 events):
No events

Classes unloaded (0 events):
No events

Classes redefined (0 events):
No events

Internal exceptions (0 events):
No events

ZGC Phase Switch (0 events):
No events

VM Operations (0 events):
No events

Events (0 events):
No events


Dynamic libraries:
0x00007ff69c020000 - 0x00007ff69c030000 	C:\Program Files\Java\jdk-22\bin\java.exe
0x00007ffc73510000 - 0x00007ffc73728000 	C:\WINDOWS\SYSTEM32\ntdll.dll
0x00007ffc63a90000 - 0x00007ffc63ab0000 	C:\Program Files\Avast Software\Avast\aswhook.dll
0x00007ffc72140000 - 0x00007ffc72204000 	C:\WINDOWS\System32\KERNEL32.DLL
0x00007ffc70710000 - 0x00007ffc70ae3000 	C:\WINDOWS\System32\KERNELBASE.dll
0x00007ffc70d00000 - 0x00007ffc70e11000 	C:\WINDOWS\System32\ucrtbase.dll
0x00007ffc693e0000 - 0x00007ffc693f7000 	C:\Program Files\Java\jdk-22\bin\jli.dll
0x00007ffc693c0000 - 0x00007ffc693db000 	C:\Program Files\Java\jdk-22\bin\VCRUNTIME140.dll
0x00007ffc713c0000 - 0x00007ffc71471000 	C:\WINDOWS\System32\ADVAPI32.dll
0x00007ffc72240000 - 0x00007ffc722e7000 	C:\WINDOWS\System32\msvcrt.dll
0x00007ffc73310000 - 0x00007ffc733b8000 	C:\WINDOWS\System32\sechost.dll
0x00007ffc706e0000 - 0x00007ffc70708000 	C:\WINDOWS\System32\bcrypt.dll
0x00007ffc72410000 - 0x00007ffc72528000 	C:\WINDOWS\System32\RPCRT4.dll
0x00007ffc72e30000 - 0x00007ffc72fe2000 	C:\WINDOWS\System32\USER32.dll
0x00007ffc70af0000 - 0x00007ffc70b16000 	C:\WINDOWS\System32\win32u.dll
0x00007ffc58520000 - 0x00007ffc587bc000 	C:\WINDOWS\WinSxS\amd64_microsoft.windows.common-controls_6595b64144ccf1df_6.0.22621.6060_none_2712eda17382d24b\COMCTL32.dll
0x00007ffc72210000 - 0x00007ffc72239000 	C:\WINDOWS\System32\GDI32.dll
0x00007ffc71090000 - 0x00007ffc711ab000 	C:\WINDOWS\System32\gdi32full.dll
0x00007ffc70c60000 - 0x00007ffc70cfa000 	C:\WINDOWS\System32\msvcp_win.dll
0x00007ffc695e0000 - 0x00007ffc695ea000 	C:\WINDOWS\SYSTEM32\VERSION.dll
0x00007ffc717b0000 - 0x00007ffc717e1000 	C:\WINDOWS\System32\IMM32.DLL
0x00007ffc69490000 - 0x00007ffc6949c000 	C:\Program Files\Java\jdk-22\bin\vcruntime140_1.dll
0x00007ffc56930000 - 0x00007ffc569be000 	C:\Program Files\Java\jdk-22\bin\msvcp140.dll
0x00007ffc13cb0000 - 0x00007ffc149f7000 	C:\Program Files\Java\jdk-22\bin\server\jvm.dll
0x00007ffc71800000 - 0x00007ffc71871000 	C:\WINDOWS\System32\WS2_32.dll
0x00007ffc6f470000 - 0x00007ffc6f4bd000 	C:\WINDOWS\SYSTEM32\POWRPROF.dll
0x00007ffc692d0000 - 0x00007ffc69304000 	C:\WINDOWS\SYSTEM32\WINMM.dll
0x00007ffc6f450000 - 0x00007ffc6f463000 	C:\WINDOWS\SYSTEM32\UMPDC.dll
0x00007ffc6f6f0000 - 0x00007ffc6f708000 	C:\WINDOWS\SYSTEM32\kernel.appcore.dll
0x00007ffc693b0000 - 0x00007ffc693ba000 	C:\Program Files\Java\jdk-22\bin\jimage.dll
0x00007ffc6e040000 - 0x00007ffc6e273000 	C:\WINDOWS\SYSTEM32\DBGHELP.DLL
0x00007ffc729d0000 - 0x00007ffc72d61000 	C:\WINDOWS\System32\combase.dll
0x00007ffc71480000 - 0x00007ffc71558000 	C:\WINDOWS\System32\OLEAUT32.dll
0x00007ffc656d0000 - 0x00007ffc65702000 	C:\WINDOWS\SYSTEM32\dbgcore.DLL
0x00007ffc71010000 - 0x00007ffc7108b000 	C:\WINDOWS\System32\bcryptPrimitives.dll
0x00007ffc69fb0000 - 0x00007ffc69fbf000 	C:\Program Files\Java\jdk-22\bin\instrument.dll
0x00007ffc68e90000 - 0x00007ffc68eae000 	C:\Program Files\Java\jdk-22\bin\java.dll
0x00007ffc718a0000 - 0x00007ffc7213c000 	C:\WINDOWS\System32\SHELL32.dll
0x00007ffc70b20000 - 0x00007ffc70c5f000 	C:\WINDOWS\System32\wintypes.dll
0x00007ffc71210000 - 0x00007ffc713b1000 	C:\WINDOWS\System32\ole32.dll

dbghelp: loaded successfully - version: 4.0.5 - missing functions: none
symbol engine: initialized successfully - sym options: 0x614 - pdb path: .;C:\Program Files\Java\jdk-22\bin;C:\WINDOWS\SYSTEM32;C:\Program Files\Avast Software\Avast;C:\WINDOWS\WinSxS\amd64_microsoft.windows.common-controls_6595b64144ccf1df_6.0.22621.6060_none_2712eda17382d24b;C:\Program Files\Java\jdk-22\bin\server

VM Arguments:
jvm_args: -javaagent:C:\Program Files\JetBrains\IntelliJ IDEA Community Edition 2025.2\lib\idea_rt.jar=56138 -Dfile.encoding=UTF-8 -Dsun.stdout.encoding=UTF-8 -Dsun.stderr.encoding=UTF-8 
java_command: Anshika_Task.Anshika_Task_Bajaj.AnshikaTaskBajajApplication
java_class_path (initial): D:\Anshika_Task_Bajaj\target\classes;C:\Users\DeLL\.m2\repository\org\springframework\boot\spring-boot-starter-webmvc\4.0.0\spring-boot-starter-webmvc-4.0.0.jar;C:\Users\DeLL\.m2\repository\org\springframework\boot\spring-boot-starter\4.0.0\spring-boot-starter-4.0.0.jar;C:\Users\DeLL\.m2\repository\org\springframework\boot\spring-boot-starter-logging\4.0.0\spring-boot-starter-logging-4.0.0.jar;C:\Users\DeLL\.m2\repository\ch\qos\logback\logback-classic\1.5.21\logback-classic-1.5.21.jar;C:\Users\DeLL\.m2\repository\ch\qos\logback\logback-core\1.5.21\logback-core-1.5.21.jar;C:\Users\DeLL\.m2\repository\org\apache\logging\log4j\log4j-to-slf4j\2.25.2\log4j-to-slf4j-2.25.2.jar;C:\Users\DeLL\.m2\repository\org\apache\logging\log4j\log4j-api\2.25.2\log4j-api-2.25.2.jar;C:\Users\DeLL\.m2\repository\org\slf4j\jul-to-slf4j\2.0.17\jul-to-slf4j-2.0.17.jar;C:\Users\DeLL\.m2\repository\jakarta\annotation\jakarta.annotation-api\3.0.0\jakarta.annotation-api-3.0.0.jar;C:\Users\DeLL\.m2\repository\org\yaml\snakeyaml\2.5\snakeyaml-2.5.jar;C:\Users\DeLL\.m2\repository\org\springframework\boot\spring-boot-starter-jackson\4.0.0\spring-boot-starter-jackson-4.0.0.jar;C:\Users\DeLL\.m2\repository\org\springframework\boot\spring-boot-jackson\4.0.0\spring-boot-jackson-4.0.0.jar;C:\Users\DeLL\.m2\repository\tools\jackson\core\jackson-databind\3.0.2\jackson-databind-3.0.2.jar;C:\Users\DeLL\.m2\repository\com\fasterxml\jackson\core\jackson-annotations\2.20\jackson-annotations-2.20.jar;C:\Users\DeLL\.m2\repository\tools\jackson\core\jackson-core\3.0.2\jackson-core-3.0.2.jar;C:\Users\DeLL\.m2\repository\org\springframework\boot\spring-boot-starter-tomcat\4.0.0\spring-boot-starter-tomcat-4.0.0.jar;C:\Users\DeLL\.m2\repository\org\springframework\boot\spring-boot-starter-tomcat-runtime\4.0.0\spring-boot-starter-tomcat-runtime-4.0.0.jar;C:\Users\DeLL\.m2\repository\org\apache\tomcat\embed\tomcat-embed-core\11.0.14\tomcat-embed-core-11.0.14.jar;C:\Users\DeLL\.m2\repository\org\apache\tomcat\embed\tomcat-embed-el\11.0.14\tomcat-embed-el-11.0.14.jar;C:\Users\DeLL\.m2\repository\org\apache\tomcat\embed\tomcat-embed-websocket\11.0.14\tomcat-embed-websocket-11.0.14.jar;C:\Users\DeLL\.m2\repository\org\springframework\boot\spring-boot-tomcat\4.0.0\spring-boot-tomcat-4.0.0.jar;C:\Users\DeLL\.m2\repository\org\springframework\boot\spring-boot-http-converter\4.0.0\spring-boot-http-converter-4.0.0.jar;C:\Users\DeLL\.m2\repository\org\springframework\spring-web\7.0.1\spring-web-7.0.1.jar;C:\Users\DeLL\.m2\repository\org\springframework\spring-beans\7.0.1\spring-beans-7.0.1.jar;C:\Users\DeLL\.m2\repository\io\micrometer\micrometer-observation\1.16.0\micrometer-observation-1.16.0.jar;C:\Users\DeLL\.m2\repository\io\micrometer\micrometer-commons\1.16.0\micrometer-commons-1.16.0.jar;C:\Users\DeLL\.m2\repository\org\springframework\boot\spring-boot-webmvc\4.0.0\spring-boot-webmvc-4.0.0.jar;C:\Users\DeLL\.m2\repository\org\springframework\boot\spring-boot-servlet\4.0.0\spring-boot-servlet-4.0.0.jar;C:\Users\DeLL\.m2\repository\org\springframework\spring-webmvc\7.0.1\spring-webmvc-7.0.1.jar;C:\Users\DeLL\.m2\repository\org\springframework\spring-aop\7.0.1\spring-aop-7.0.1.jar;C:\Users\DeLL\.m2\repository\org\springframework\spring-expression\7.0.1\spring-expression-7.0.1.jar;C:\Users\DeLL\.m2\repository\org\springframework\boot\spring-boot-devtools\4.0.0\spring-boot-devtools-4.0.0.jar;C:\Users\DeLL\.m2\repository\org\springframework\boot\spring-boot\4.0.0\spring-boot-4.0.0.jar;C:\Users\DeLL\.m2\repository\org\springframework\spring-core\7.0.1\spring-core-7.0.1.jar;C:\Users\DeLL\.m2\repository\commons-logging\commons-logging\1.3.5\commons-logging-1.3.5.jar;C:\Users\DeLL\.m2\repository\org\jspecify\jspecify\1.0.0\jspecify-1.0.0.jar;C:\Users\DeLL\.m2\repository\org\springframework\spring-context\7.0.1\spring-context-7.0.1.jar;C:\Users\DeLL\.m2\repository\org\springframework\boot\spring-boot-autoconfigure\4.0.0\spring-boot-autoconfigure-4.0.0.jar;C:\Users\DeLL\.m2\repository\org\projectlombok\lombok\1.18.42\lombok-1.18.42.jar;C:\Users\DeLL\.m2\repository\org\slf4j\slf4j-api\2.0.17\slf4j-api-2.0.17.jar;C:\Users\DeLL\.m2\repository\org\springframework\boot\spring-boot-web-server\4.0.0\spring-boot-web-server-4.0.0.jar
Launcher Type: SUN_STANDARD

[Global flags]
     intx CICompilerCount                          = 4                                         {product} {ergonomic}
     uint ConcGCThreads                            = 3                                         {product} {ergonomic}
     uint G1ConcRefinementThreads                  = 10                                        {product} {ergonomic}
   size_t G1HeapRegionSize                         = 2097152                                   {product} {ergonomic}
   size_t InitialHeapSize                          = 264241152                                 {product} {ergonomic}
   size_t MarkStackSize                            = 4194304                                   {product} {ergonomic}
   size_t MaxHeapSize                              = 4223664128                                {product} {ergonomic}
   size_t MinHeapDeltaBytes                        = 2097152                                   {product} {ergonomic}
   size_t MinHeapSize                              = 8388608                                   {product} {ergonomic}
    uintx NonNMethodCodeHeapSize                   = 5839372                                {pd product} {ergonomic}
    uintx NonProfiledCodeHeapSize                  = 122909434                              {pd product} {ergonomic}
    uintx ProfiledCodeHeapSize                     = 122909434                              {pd product} {ergonomic}
    uintx ReservedCodeCacheSize                    = 251658240                              {pd product} {ergonomic}
     bool SegmentedCodeCache                       = true                                      {product} {ergonomic}
   size_t SoftMaxHeapSize                          = 4223664128                             {manageable} {ergonomic}
     bool UseCompressedOops                        = true                           {product lp64_product} {ergonomic}
     bool UseG1GC                                  = true                                      {product} {ergonomic}
     bool UseLargePagesIndividualAllocation        = false                                  {pd product} {ergonomic}

Logging:
Log output configuration:
 #0: stdout all=warning uptime,level,tags foldmultilines=false
 #1: stderr all=off uptime,level,tags foldmultilines=false

Environment Variables:
PATH=C:\Program Files\Java\jdk-22\bin;C:\Program Files\nodejs;C:\WINDOWS\System32;C:\WINDOWS\System32\WindowsPowerShell\v1.0\;C:\BC5\BIN;C:\Users\DeLL\AppData\Local\Programs\Python\Python310\Scripts\;C:\Users\DeLL\AppData\Local\Programs\Python\Python310\;C:\Users\DeLL\AppData\Local\Microsoft\WindowsApps;C:\Users\DeLL\AppData\Local\Programs\Microsoft VS Code\bin
USERNAME=DeLL
OS=Windows_NT
PROCESSOR_IDENTIFIER=Intel64 Family 6 Model 141 Stepping 1, GenuineIntel
TMP=C:\Users\DeLL\AppData\Local\Temp
TEMP=C:\Users\DeLL\AppData\Local\Temp




Periodic native trim disabled

---------------  S Y S T E M  ---------------

OS:
 Windows 11 , 64 bit Build 22621 (10.0.22621.5415)
OS uptime: 9 days 18:45 hours

CPU: total 12 (initial active 12) (6 cores per cpu, 2 threads per core) family 6 model 141 stepping 1 microcode 0x56, cx8, cmov, fxsr, ht, mmx, 3dnowpref, sse, sse2, sse3, ssse3, sse4.1, sse4.2, popcnt, lzcnt, tsc, tscinvbit, avx, avx2, aes, erms, clmul, bmi1, bmi2, adx, avx512f, avx512dq, avx512cd, avx512bw, avx512vl, sha, fma, vzeroupper, avx512_vpopcntdq, avx512_vpclmulqdq, avx512_vaes, avx512_vnni, clflush, clflushopt, clwb, avx512_vbmi2, avx512_vbmi, rdtscp, rdpid, fsrm, gfni, avx512_bitalg, f16c, pku, cet_ibt, cet_ss, avx512_ifma
Processor Information for all 12 processors :
  Max Mhz: 2611, Current Mhz: 2611, Mhz Limit: 2611

Memory: 4k page, system-wide physical 16110M (2265M free)
TotalPageFile size 28816M (AvailPageFile size 195M)
current process WorkingSet (physical memory assigned to process): 13M, peak: 13M
current process commit charge ("private bytes"): 65M, peak: 316M

vm_info: Java HotSpot(TM) 64-Bit Server VM (22.0.1+8-16) for windows-amd64 JRE (22.0.1+8-16), built on 2024-03-12T10:33:16Z by "mach5one" with MS VC++ 17.6 (VS2022)

END.
